{"/mnt/c/Users/paytonz.FUTUREHOME/Nextcloud/Dev/GitHub/opentakeoff/apps/backend/src/config.ts": {"path":"/mnt/c/Users/paytonz.FUTUREHOME/Nextcloud/Dev/GitHub/opentakeoff/apps/backend/src/config.ts","statementMap":{"0":{"start":{"line":11,"column":0},"end":{"line":11,"column":null}},"1":{"start":{"line":16,"column":18},"end":{"line":61,"column":null}},"2":{"start":{"line":37,"column":16},"end":{"line":37,"column":38}},"3":{"start":{"line":45,"column":25},"end":{"line":45,"column":68}},"4":{"start":{"line":59,"column":24},"end":{"line":59,"column":38}},"5":{"start":{"line":73,"column":17},"end":{"line":73,"column":null}},"6":{"start":{"line":75,"column":2},"end":{"line":79,"column":null}},"7":{"start":{"line":76,"column":4},"end":{"line":76,"column":null}},"8":{"start":{"line":77,"column":4},"end":{"line":77,"column":null}},"9":{"start":{"line":78,"column":4},"end":{"line":78,"column":null}},"10":{"start":{"line":81,"column":2},"end":{"line":81,"column":null}},"11":{"start":{"line":88,"column":22},"end":{"line":88,"column":null}},"12":{"start":{"line":93,"column":22},"end":{"line":93,"column":null}},"13":{"start":{"line":98,"column":21},"end":{"line":98,"column":null}},"14":{"start":{"line":103,"column":22},"end":{"line":103,"column":null}},"15":{"start":{"line":108,"column":0},"end":{"line":117,"column":null}},"16":{"start":{"line":109,"column":2},"end":{"line":109,"column":null}},"17":{"start":{"line":110,"column":2},"end":{"line":116,"column":null}}},"fnMap":{"0":{"name":"(anonymous_0)","decl":{"start":{"line":37,"column":15},"end":{"line":37,"column":16}},"loc":{"start":{"line":37,"column":16},"end":{"line":37,"column":38}},"line":37},"1":{"name":"(anonymous_1)","decl":{"start":{"line":45,"column":15},"end":{"line":45,"column":16}},"loc":{"start":{"line":45,"column":25},"end":{"line":45,"column":68}},"line":45},"2":{"name":"(anonymous_2)","decl":{"start":{"line":59,"column":15},"end":{"line":59,"column":16}},"loc":{"start":{"line":59,"column":24},"end":{"line":59,"column":38}},"line":59},"3":{"name":"parseConfig","decl":{"start":{"line":72,"column":9},"end":{"line":72,"column":31}},"loc":{"start":{"line":72,"column":31},"end":{"line":82,"column":null}},"line":72}},"branchMap":{"0":{"loc":{"start":{"line":45,"column":25},"end":{"line":45,"column":68}},"type":"cond-expr","locations":[{"start":{"line":45,"column":48},"end":{"line":45,"column":55}},{"start":{"line":45,"column":48},"end":{"line":45,"column":68}}],"line":45},"1":{"loc":{"start":{"line":75,"column":2},"end":{"line":79,"column":null}},"type":"if","locations":[{"start":{"line":75,"column":2},"end":{"line":79,"column":null}},{"start":{},"end":{}}],"line":75},"2":{"loc":{"start":{"line":108,"column":0},"end":{"line":117,"column":null}},"type":"if","locations":[{"start":{"line":108,"column":0},"end":{"line":117,"column":null}},{"start":{},"end":{}}],"line":108},"3":{"loc":{"start":{"line":113,"column":19},"end":{"line":115,"column":null}},"type":"cond-expr","locations":[{"start":{"line":114,"column":8},"end":{"line":114,"column":null}},{"start":{"line":115,"column":8},"end":{"line":115,"column":null}}],"line":113}},"s":{"0":12,"1":12,"2":12,"3":12,"4":12,"5":12,"6":12,"7":5,"8":5,"9":5,"10":7,"11":12,"12":12,"13":12,"14":12,"15":12,"16":4,"17":4},"f":{"0":12,"1":12,"2":12,"3":12},"b":{"0":[12,0],"1":[5,7],"2":[4,8],"3":[2,2]},"meta":{"lastBranch":4,"lastFunction":4,"lastStatement":18,"seen":{"s:11:0:11:Infinity":0,"s:16:18:61:Infinity":1,"f:37:15:37:16":0,"s:37:16:37:38":2,"f:45:15:45:16":1,"s:45:25:45:68":3,"b:45:48:45:55:45:48:45:68":0,"f:59:15:59:16":2,"s:59:24:59:38":4,"f:72:9:72:31":3,"s:73:17:73:Infinity":5,"b:75:2:79:Infinity:undefined:undefined:undefined:undefined":1,"s:75:2:79:Infinity":6,"s:76:4:76:Infinity":7,"s:77:4:77:Infinity":8,"s:78:4:78:Infinity":9,"s:81:2:81:Infinity":10,"s:88:22:88:Infinity":11,"s:93:22:93:Infinity":12,"s:98:21:98:Infinity":13,"s:103:22:103:Infinity":14,"b:108:0:117:Infinity:undefined:undefined:undefined:undefined":2,"s:108:0:117:Infinity":15,"s:109:2:109:Infinity":16,"s:110:2:116:Infinity":17,"b:114:8:114:Infinity:115:8:115:Infinity":3}}}
,"/mnt/c/Users/paytonz.FUTUREHOME/Nextcloud/Dev/GitHub/opentakeoff/apps/backend/src/db/schema.ts": {"path":"/mnt/c/Users/paytonz.FUTUREHOME/Nextcloud/Dev/GitHub/opentakeoff/apps/backend/src/db/schema.ts","statementMap":{"0":{"start":{"line":13,"column":13},"end":{"line":19,"column":null}},"1":{"start":{"line":25,"column":13},"end":{"line":47,"column":null}},"2":{"start":{"line":30,"column":24},"end":{"line":30,"column":37}},"3":{"start":{"line":43,"column":14},"end":{"line":46,"column":null}},"4":{"start":{"line":53,"column":13},"end":{"line":70,"column":null}},"5":{"start":{"line":58,"column":24},"end":{"line":58,"column":37}},"6":{"start":{"line":67,"column":14},"end":{"line":69,"column":null}},"7":{"start":{"line":76,"column":13},"end":{"line":96,"column":null}},"8":{"start":{"line":81,"column":24},"end":{"line":81,"column":34}},"9":{"start":{"line":93,"column":14},"end":{"line":95,"column":null}},"10":{"start":{"line":102,"column":13},"end":{"line":119,"column":null}},"11":{"start":{"line":107,"column":24},"end":{"line":107,"column":38}},"12":{"start":{"line":113,"column":14},"end":{"line":118,"column":null}},"13":{"start":{"line":125,"column":13},"end":{"line":152,"column":null}},"14":{"start":{"line":130,"column":24},"end":{"line":130,"column":34}},"15":{"start":{"line":133,"column":24},"end":{"line":133,"column":36}},"16":{"start":{"line":135,"column":53},"end":{"line":135,"column":67}},"17":{"start":{"line":142,"column":14},"end":{"line":151,"column":null}},"18":{"start":{"line":158,"column":13},"end":{"line":173,"column":null}},"19":{"start":{"line":163,"column":24},"end":{"line":163,"column":35}},"20":{"start":{"line":170,"column":14},"end":{"line":172,"column":null}},"21":{"start":{"line":179,"column":13},"end":{"line":197,"column":null}},"22":{"start":{"line":184,"column":24},"end":{"line":184,"column":38}},"23":{"start":{"line":191,"column":14},"end":{"line":196,"column":null}},"24":{"start":{"line":203,"column":13},"end":{"line":221,"column":null}},"25":{"start":{"line":208,"column":24},"end":{"line":208,"column":37}},"26":{"start":{"line":217,"column":14},"end":{"line":220,"column":null}},"27":{"start":{"line":228,"column":13},"end":{"line":252,"column":null}},"28":{"start":{"line":233,"column":24},"end":{"line":233,"column":34}},"29":{"start":{"line":236,"column":24},"end":{"line":236,"column":36}},"30":{"start":{"line":239,"column":53},"end":{"line":239,"column":67}},"31":{"start":{"line":243,"column":14},"end":{"line":251,"column":null}}},"fnMap":{"0":{"name":"(anonymous_0)","decl":{"start":{"line":30,"column":18},"end":{"line":30,"column":24}},"loc":{"start":{"line":30,"column":24},"end":{"line":30,"column":37}},"line":30},"1":{"name":"(anonymous_1)","decl":{"start":{"line":43,"column":2},"end":{"line":43,"column":3}},"loc":{"start":{"line":43,"column":14},"end":{"line":46,"column":null}},"line":43},"2":{"name":"(anonymous_2)","decl":{"start":{"line":58,"column":18},"end":{"line":58,"column":24}},"loc":{"start":{"line":58,"column":24},"end":{"line":58,"column":37}},"line":58},"3":{"name":"(anonymous_3)","decl":{"start":{"line":67,"column":2},"end":{"line":67,"column":3}},"loc":{"start":{"line":67,"column":14},"end":{"line":69,"column":null}},"line":67},"4":{"name":"(anonymous_4)","decl":{"start":{"line":81,"column":18},"end":{"line":81,"column":24}},"loc":{"start":{"line":81,"column":24},"end":{"line":81,"column":34}},"line":81},"5":{"name":"(anonymous_5)","decl":{"start":{"line":93,"column":2},"end":{"line":93,"column":3}},"loc":{"start":{"line":93,"column":14},"end":{"line":95,"column":null}},"line":93},"6":{"name":"(anonymous_6)","decl":{"start":{"line":107,"column":18},"end":{"line":107,"column":24}},"loc":{"start":{"line":107,"column":24},"end":{"line":107,"column":38}},"line":107},"7":{"name":"(anonymous_7)","decl":{"start":{"line":113,"column":2},"end":{"line":113,"column":3}},"loc":{"start":{"line":113,"column":14},"end":{"line":118,"column":null}},"line":113},"8":{"name":"(anonymous_8)","decl":{"start":{"line":130,"column":18},"end":{"line":130,"column":24}},"loc":{"start":{"line":130,"column":24},"end":{"line":130,"column":34}},"line":130},"9":{"name":"(anonymous_9)","decl":{"start":{"line":133,"column":18},"end":{"line":133,"column":24}},"loc":{"start":{"line":133,"column":24},"end":{"line":133,"column":36}},"line":133},"10":{"name":"(anonymous_10)","decl":{"start":{"line":135,"column":47},"end":{"line":135,"column":53}},"loc":{"start":{"line":135,"column":53},"end":{"line":135,"column":67}},"line":135},"11":{"name":"(anonymous_11)","decl":{"start":{"line":142,"column":2},"end":{"line":142,"column":3}},"loc":{"start":{"line":142,"column":14},"end":{"line":151,"column":null}},"line":142},"12":{"name":"(anonymous_12)","decl":{"start":{"line":163,"column":18},"end":{"line":163,"column":24}},"loc":{"start":{"line":163,"column":24},"end":{"line":163,"column":35}},"line":163},"13":{"name":"(anonymous_13)","decl":{"start":{"line":170,"column":2},"end":{"line":170,"column":3}},"loc":{"start":{"line":170,"column":14},"end":{"line":172,"column":null}},"line":170},"14":{"name":"(anonymous_14)","decl":{"start":{"line":184,"column":18},"end":{"line":184,"column":24}},"loc":{"start":{"line":184,"column":24},"end":{"line":184,"column":38}},"line":184},"15":{"name":"(anonymous_15)","decl":{"start":{"line":191,"column":2},"end":{"line":191,"column":3}},"loc":{"start":{"line":191,"column":14},"end":{"line":196,"column":null}},"line":191},"16":{"name":"(anonymous_16)","decl":{"start":{"line":208,"column":18},"end":{"line":208,"column":24}},"loc":{"start":{"line":208,"column":24},"end":{"line":208,"column":37}},"line":208},"17":{"name":"(anonymous_17)","decl":{"start":{"line":217,"column":2},"end":{"line":217,"column":3}},"loc":{"start":{"line":217,"column":14},"end":{"line":220,"column":null}},"line":217},"18":{"name":"(anonymous_18)","decl":{"start":{"line":233,"column":18},"end":{"line":233,"column":24}},"loc":{"start":{"line":233,"column":24},"end":{"line":233,"column":34}},"line":233},"19":{"name":"(anonymous_19)","decl":{"start":{"line":236,"column":18},"end":{"line":236,"column":24}},"loc":{"start":{"line":236,"column":24},"end":{"line":236,"column":36}},"line":236},"20":{"name":"(anonymous_20)","decl":{"start":{"line":239,"column":47},"end":{"line":239,"column":53}},"loc":{"start":{"line":239,"column":53},"end":{"line":239,"column":67}},"line":239},"21":{"name":"(anonymous_21)","decl":{"start":{"line":243,"column":2},"end":{"line":243,"column":3}},"loc":{"start":{"line":243,"column":14},"end":{"line":251,"column":null}},"line":243}},"branchMap":{},"s":{"0":6,"1":6,"2":0,"3":53,"4":6,"5":0,"6":53,"7":6,"8":0,"9":53,"10":6,"11":0,"12":53,"13":6,"14":0,"15":0,"16":0,"17":53,"18":6,"19":0,"20":53,"21":6,"22":0,"23":53,"24":6,"25":0,"26":53,"27":6,"28":0,"29":0,"30":0,"31":53},"f":{"0":0,"1":53,"2":0,"3":53,"4":0,"5":53,"6":0,"7":53,"8":0,"9":0,"10":0,"11":53,"12":0,"13":53,"14":0,"15":53,"16":0,"17":53,"18":0,"19":0,"20":0,"21":53},"b":{},"meta":{"lastBranch":0,"lastFunction":22,"lastStatement":32,"seen":{"s:13:13:19:Infinity":0,"s:25:13:47:Infinity":1,"f:30:18:30:24":0,"s:30:24:30:37":2,"f:43:2:43:3":1,"s:43:14:46:Infinity":3,"s:53:13:70:Infinity":4,"f:58:18:58:24":2,"s:58:24:58:37":5,"f:67:2:67:3":3,"s:67:14:69:Infinity":6,"s:76:13:96:Infinity":7,"f:81:18:81:24":4,"s:81:24:81:34":8,"f:93:2:93:3":5,"s:93:14:95:Infinity":9,"s:102:13:119:Infinity":10,"f:107:18:107:24":6,"s:107:24:107:38":11,"f:113:2:113:3":7,"s:113:14:118:Infinity":12,"s:125:13:152:Infinity":13,"f:130:18:130:24":8,"s:130:24:130:34":14,"f:133:18:133:24":9,"s:133:24:133:36":15,"f:135:47:135:53":10,"s:135:53:135:67":16,"f:142:2:142:3":11,"s:142:14:151:Infinity":17,"s:158:13:173:Infinity":18,"f:163:18:163:24":12,"s:163:24:163:35":19,"f:170:2:170:3":13,"s:170:14:172:Infinity":20,"s:179:13:197:Infinity":21,"f:184:18:184:24":14,"s:184:24:184:38":22,"f:191:2:191:3":15,"s:191:14:196:Infinity":23,"s:203:13:221:Infinity":24,"f:208:18:208:24":16,"s:208:24:208:37":25,"f:217:2:217:3":17,"s:217:14:220:Infinity":26,"s:228:13:252:Infinity":27,"f:233:18:233:24":18,"s:233:24:233:34":28,"f:236:18:236:24":19,"s:236:24:236:36":29,"f:239:47:239:53":20,"s:239:53:239:67":30,"f:243:2:243:3":21,"s:243:14:251:Infinity":31}}}
,"/mnt/c/Users/paytonz.FUTUREHOME/Nextcloud/Dev/GitHub/opentakeoff/apps/backend/src/routes/locations.ts": {"path":"/mnt/c/Users/paytonz.FUTUREHOME/Nextcloud/Dev/GitHub/opentakeoff/apps/backend/src/routes/locations.ts","statementMap":{"0":{"start":{"line":21,"column":21},"end":{"line":24,"column":null}},"1":{"start":{"line":27,"column":30},"end":{"line":32,"column":null}},"2":{"start":{"line":35,"column":30},"end":{"line":39,"column":null}},"3":{"start":{"line":42,"column":28},"end":{"line":46,"column":null}},"4":{"start":{"line":49,"column":29},"end":{"line":54,"column":null}},"5":{"start":{"line":101,"column":2},"end":{"line":113,"column":null}},"6":{"start":{"line":103,"column":6},"end":{"line":103,"column":null}},"7":{"start":{"line":105,"column":6},"end":{"line":105,"column":null}},"8":{"start":{"line":107,"column":6},"end":{"line":107,"column":null}},"9":{"start":{"line":109,"column":6},"end":{"line":109,"column":null}},"10":{"start":{"line":112,"column":6},"end":{"line":112,"column":null}},"11":{"start":{"line":126,"column":2},"end":{"line":165,"column":null}},"12":{"start":{"line":144,"column":6},"end":{"line":163,"column":null}},"13":{"start":{"line":145,"column":27},"end":{"line":145,"column":null}},"14":{"start":{"line":148,"column":23},"end":{"line":148,"column":null}},"15":{"start":{"line":149,"column":14},"end":{"line":149,"column":null}},"16":{"start":{"line":152,"column":26},"end":{"line":152,"column":null}},"17":{"start":{"line":154,"column":8},"end":{"line":154,"column":null}},"18":{"start":{"line":156,"column":8},"end":{"line":159,"column":null}},"19":{"start":{"line":157,"column":29},"end":{"line":157,"column":null}},"20":{"start":{"line":158,"column":10},"end":{"line":158,"column":null}},"21":{"start":{"line":161,"column":8},"end":{"line":161,"column":null}},"22":{"start":{"line":162,"column":8},"end":{"line":162,"column":null}},"23":{"start":{"line":170,"column":2},"end":{"line":216,"column":null}},"24":{"start":{"line":189,"column":6},"end":{"line":214,"column":null}},"25":{"start":{"line":190,"column":31},"end":{"line":190,"column":null}},"26":{"start":{"line":193,"column":23},"end":{"line":193,"column":null}},"27":{"start":{"line":194,"column":14},"end":{"line":194,"column":null}},"28":{"start":{"line":197,"column":25},"end":{"line":197,"column":null}},"29":{"start":{"line":199,"column":8},"end":{"line":203,"column":null}},"30":{"start":{"line":200,"column":10},"end":{"line":202,"column":null}},"31":{"start":{"line":205,"column":8},"end":{"line":205,"column":null}},"32":{"start":{"line":207,"column":8},"end":{"line":210,"column":null}},"33":{"start":{"line":208,"column":29},"end":{"line":208,"column":null}},"34":{"start":{"line":209,"column":10},"end":{"line":209,"column":null}},"35":{"start":{"line":212,"column":8},"end":{"line":212,"column":null}},"36":{"start":{"line":213,"column":8},"end":{"line":213,"column":null}},"37":{"start":{"line":221,"column":2},"end":{"line":310,"column":null}},"38":{"start":{"line":263,"column":6},"end":{"line":308,"column":null}},"39":{"start":{"line":264,"column":27},"end":{"line":264,"column":null}},"40":{"start":{"line":267,"column":27},"end":{"line":267,"column":null}},"41":{"start":{"line":268,"column":8},"end":{"line":273,"column":null}},"42":{"start":{"line":269,"column":10},"end":{"line":272,"column":null}},"43":{"start":{"line":275,"column":22},"end":{"line":275,"column":null}},"44":{"start":{"line":278,"column":14},"end":{"line":278,"column":null}},"45":{"start":{"line":279,"column":8},"end":{"line":283,"column":null}},"46":{"start":{"line":280,"column":10},"end":{"line":282,"column":null}},"47":{"start":{"line":286,"column":23},"end":{"line":286,"column":null}},"48":{"start":{"line":287,"column":14},"end":{"line":287,"column":null}},"49":{"start":{"line":290,"column":25},"end":{"line":295,"column":null}},"50":{"start":{"line":297,"column":8},"end":{"line":297,"column":null}},"51":{"start":{"line":299,"column":8},"end":{"line":299,"column":null}},"52":{"start":{"line":301,"column":8},"end":{"line":304,"column":null}},"53":{"start":{"line":302,"column":29},"end":{"line":302,"column":null}},"54":{"start":{"line":303,"column":10},"end":{"line":303,"column":null}},"55":{"start":{"line":306,"column":8},"end":{"line":306,"column":null}},"56":{"start":{"line":307,"column":8},"end":{"line":307,"column":null}},"57":{"start":{"line":315,"column":2},"end":{"line":408,"column":null}},"58":{"start":{"line":358,"column":6},"end":{"line":406,"column":null}},"59":{"start":{"line":359,"column":27},"end":{"line":359,"column":null}},"60":{"start":{"line":362,"column":27},"end":{"line":362,"column":null}},"61":{"start":{"line":363,"column":8},"end":{"line":368,"column":null}},"62":{"start":{"line":364,"column":10},"end":{"line":367,"column":null}},"63":{"start":{"line":370,"column":22},"end":{"line":370,"column":null}},"64":{"start":{"line":373,"column":14},"end":{"line":373,"column":null}},"65":{"start":{"line":376,"column":14},"end":{"line":376,"column":null}},"66":{"start":{"line":377,"column":8},"end":{"line":381,"column":null}},"67":{"start":{"line":378,"column":10},"end":{"line":380,"column":null}},"68":{"start":{"line":384,"column":23},"end":{"line":384,"column":null}},"69":{"start":{"line":385,"column":14},"end":{"line":385,"column":null}},"70":{"start":{"line":388,"column":25},"end":{"line":393,"column":null}},"71":{"start":{"line":395,"column":8},"end":{"line":395,"column":null}},"72":{"start":{"line":397,"column":8},"end":{"line":397,"column":null}},"73":{"start":{"line":399,"column":8},"end":{"line":402,"column":null}},"74":{"start":{"line":400,"column":29},"end":{"line":400,"column":null}},"75":{"start":{"line":401,"column":10},"end":{"line":401,"column":null}},"76":{"start":{"line":404,"column":8},"end":{"line":404,"column":null}},"77":{"start":{"line":405,"column":8},"end":{"line":405,"column":null}},"78":{"start":{"line":413,"column":2},"end":{"line":530,"column":null}},"79":{"start":{"line":463,"column":6},"end":{"line":528,"column":null}},"80":{"start":{"line":464,"column":31},"end":{"line":464,"column":null}},"81":{"start":{"line":467,"column":27},"end":{"line":467,"column":null}},"82":{"start":{"line":468,"column":8},"end":{"line":473,"column":null}},"83":{"start":{"line":469,"column":10},"end":{"line":472,"column":null}},"84":{"start":{"line":475,"column":22},"end":{"line":475,"column":null}},"85":{"start":{"line":478,"column":8},"end":{"line":485,"column":null}},"86":{"start":{"line":479,"column":16},"end":{"line":479,"column":null}},"87":{"start":{"line":480,"column":10},"end":{"line":484,"column":null}},"88":{"start":{"line":481,"column":12},"end":{"line":483,"column":null}},"89":{"start":{"line":488,"column":30},"end":{"line":488,"column":null}},"90":{"start":{"line":489,"column":8},"end":{"line":497,"column":null}},"91":{"start":{"line":490,"column":10},"end":{"line":490,"column":null}},"92":{"start":{"line":491,"column":16},"end":{"line":491,"column":null}},"93":{"start":{"line":492,"column":10},"end":{"line":496,"column":null}},"94":{"start":{"line":493,"column":12},"end":{"line":495,"column":null}},"95":{"start":{"line":500,"column":23},"end":{"line":500,"column":null}},"96":{"start":{"line":501,"column":14},"end":{"line":501,"column":null}},"97":{"start":{"line":504,"column":25},"end":{"line":509,"column":null}},"98":{"start":{"line":511,"column":8},"end":{"line":515,"column":null}},"99":{"start":{"line":512,"column":10},"end":{"line":514,"column":null}},"100":{"start":{"line":517,"column":8},"end":{"line":517,"column":null}},"101":{"start":{"line":519,"column":8},"end":{"line":519,"column":null}},"102":{"start":{"line":521,"column":8},"end":{"line":524,"column":null}},"103":{"start":{"line":522,"column":29},"end":{"line":522,"column":null}},"104":{"start":{"line":523,"column":10},"end":{"line":523,"column":null}},"105":{"start":{"line":526,"column":8},"end":{"line":526,"column":null}},"106":{"start":{"line":527,"column":8},"end":{"line":527,"column":null}},"107":{"start":{"line":535,"column":2},"end":{"line":583,"column":null}},"108":{"start":{"line":554,"column":6},"end":{"line":581,"column":null}},"109":{"start":{"line":555,"column":31},"end":{"line":555,"column":null}},"110":{"start":{"line":558,"column":23},"end":{"line":558,"column":null}},"111":{"start":{"line":559,"column":14},"end":{"line":559,"column":null}},"112":{"start":{"line":562,"column":24},"end":{"line":562,"column":null}},"113":{"start":{"line":564,"column":8},"end":{"line":568,"column":null}},"114":{"start":{"line":565,"column":10},"end":{"line":567,"column":null}},"115":{"start":{"line":570,"column":8},"end":{"line":570,"column":null}},"116":{"start":{"line":572,"column":8},"end":{"line":572,"column":null}},"117":{"start":{"line":574,"column":8},"end":{"line":577,"column":null}},"118":{"start":{"line":575,"column":29},"end":{"line":575,"column":null}},"119":{"start":{"line":576,"column":10},"end":{"line":576,"column":null}},"120":{"start":{"line":579,"column":8},"end":{"line":579,"column":null}},"121":{"start":{"line":580,"column":8},"end":{"line":580,"column":null}}},"fnMap":{"0":{"name":"mapServiceErrorToHttpCode","decl":{"start":{"line":100,"column":9},"end":{"line":100,"column":35}},"loc":{"start":{"line":100,"column":64},"end":{"line":114,"column":null}},"line":100},"1":{"name":"locationRoutes","decl":{"start":{"line":119,"column":22},"end":{"line":119,"column":null}},"loc":{"start":{"line":122,"column":17},"end":{"line":584,"column":null}},"line":122},"2":{"name":"(anonymous_2)","decl":{"start":{"line":143,"column":4},"end":{"line":143,"column":11}},"loc":{"start":{"line":143,"column":86},"end":{"line":164,"column":null}},"line":143},"3":{"name":"(anonymous_3)","decl":{"start":{"line":188,"column":4},"end":{"line":188,"column":11}},"loc":{"start":{"line":188,"column":90},"end":{"line":215,"column":null}},"line":188},"4":{"name":"(anonymous_4)","decl":{"start":{"line":259,"column":4},"end":{"line":259,"column":null}},"loc":{"start":{"line":262,"column":9},"end":{"line":309,"column":null}},"line":262},"5":{"name":"(anonymous_5)","decl":{"start":{"line":354,"column":4},"end":{"line":354,"column":null}},"loc":{"start":{"line":357,"column":9},"end":{"line":407,"column":null}},"line":357},"6":{"name":"(anonymous_6)","decl":{"start":{"line":459,"column":4},"end":{"line":459,"column":null}},"loc":{"start":{"line":462,"column":9},"end":{"line":529,"column":null}},"line":462},"7":{"name":"(anonymous_7)","decl":{"start":{"line":553,"column":4},"end":{"line":553,"column":11}},"loc":{"start":{"line":553,"column":90},"end":{"line":582,"column":null}},"line":553}},"branchMap":{"0":{"loc":{"start":{"line":101,"column":2},"end":{"line":113,"column":null}},"type":"switch","locations":[{"start":{"line":102,"column":4},"end":{"line":103,"column":null}},{"start":{"line":104,"column":4},"end":{"line":105,"column":null}},{"start":{"line":106,"column":4},"end":{"line":107,"column":null}},{"start":{"line":108,"column":4},"end":{"line":109,"column":null}},{"start":{"line":110,"column":4},"end":{"line":110,"column":null}},{"start":{"line":111,"column":4},"end":{"line":112,"column":null}}],"line":101},"1":{"loc":{"start":{"line":156,"column":8},"end":{"line":159,"column":null}},"type":"if","locations":[{"start":{"line":156,"column":8},"end":{"line":159,"column":null}},{"start":{},"end":{}}],"line":156},"2":{"loc":{"start":{"line":199,"column":8},"end":{"line":203,"column":null}},"type":"if","locations":[{"start":{"line":199,"column":8},"end":{"line":203,"column":null}},{"start":{},"end":{}}],"line":199},"3":{"loc":{"start":{"line":207,"column":8},"end":{"line":210,"column":null}},"type":"if","locations":[{"start":{"line":207,"column":8},"end":{"line":210,"column":null}},{"start":{},"end":{}}],"line":207},"4":{"loc":{"start":{"line":268,"column":8},"end":{"line":273,"column":null}},"type":"if","locations":[{"start":{"line":268,"column":8},"end":{"line":273,"column":null}},{"start":{},"end":{}}],"line":268},"5":{"loc":{"start":{"line":279,"column":8},"end":{"line":283,"column":null}},"type":"if","locations":[{"start":{"line":279,"column":8},"end":{"line":283,"column":null}},{"start":{},"end":{}}],"line":279},"6":{"loc":{"start":{"line":294,"column":14},"end":{"line":294,"column":null}},"type":"binary-expr","locations":[{"start":{"line":294,"column":14},"end":{"line":294,"column":29}},{"start":{"line":294,"column":29},"end":{"line":294,"column":null}}],"line":294},"7":{"loc":{"start":{"line":301,"column":8},"end":{"line":304,"column":null}},"type":"if","locations":[{"start":{"line":301,"column":8},"end":{"line":304,"column":null}},{"start":{},"end":{}}],"line":301},"8":{"loc":{"start":{"line":363,"column":8},"end":{"line":368,"column":null}},"type":"if","locations":[{"start":{"line":363,"column":8},"end":{"line":368,"column":null}},{"start":{},"end":{}}],"line":363},"9":{"loc":{"start":{"line":377,"column":8},"end":{"line":381,"column":null}},"type":"if","locations":[{"start":{"line":377,"column":8},"end":{"line":381,"column":null}},{"start":{},"end":{}}],"line":377},"10":{"loc":{"start":{"line":392,"column":14},"end":{"line":392,"column":null}},"type":"binary-expr","locations":[{"start":{"line":392,"column":14},"end":{"line":392,"column":29}},{"start":{"line":392,"column":29},"end":{"line":392,"column":null}}],"line":392},"11":{"loc":{"start":{"line":399,"column":8},"end":{"line":402,"column":null}},"type":"if","locations":[{"start":{"line":399,"column":8},"end":{"line":402,"column":null}},{"start":{},"end":{}}],"line":399},"12":{"loc":{"start":{"line":468,"column":8},"end":{"line":473,"column":null}},"type":"if","locations":[{"start":{"line":468,"column":8},"end":{"line":473,"column":null}},{"start":{},"end":{}}],"line":468},"13":{"loc":{"start":{"line":478,"column":8},"end":{"line":485,"column":null}},"type":"if","locations":[{"start":{"line":478,"column":8},"end":{"line":485,"column":null}},{"start":{},"end":{}}],"line":478},"14":{"loc":{"start":{"line":478,"column":12},"end":{"line":478,"column":65}},"type":"binary-expr","locations":[{"start":{"line":478,"column":12},"end":{"line":478,"column":42}},{"start":{"line":478,"column":42},"end":{"line":478,"column":65}}],"line":478},"15":{"loc":{"start":{"line":480,"column":10},"end":{"line":484,"column":null}},"type":"if","locations":[{"start":{"line":480,"column":10},"end":{"line":484,"column":null}},{"start":{},"end":{}}],"line":480},"16":{"loc":{"start":{"line":489,"column":8},"end":{"line":497,"column":null}},"type":"if","locations":[{"start":{"line":489,"column":8},"end":{"line":497,"column":null}},{"start":{},"end":{}}],"line":489},"17":{"loc":{"start":{"line":492,"column":10},"end":{"line":496,"column":null}},"type":"if","locations":[{"start":{"line":492,"column":10},"end":{"line":496,"column":null}},{"start":{},"end":{}}],"line":492},"18":{"loc":{"start":{"line":505,"column":14},"end":{"line":505,"column":null}},"type":"binary-expr","locations":[{"start":{"line":505,"column":14},"end":{"line":505,"column":42}},{"start":{"line":505,"column":42},"end":{"line":505,"column":null}}],"line":505},"19":{"loc":{"start":{"line":506,"column":14},"end":{"line":506,"column":null}},"type":"binary-expr","locations":[{"start":{"line":506,"column":14},"end":{"line":506,"column":44}},{"start":{"line":506,"column":44},"end":{"line":506,"column":null}}],"line":506},"20":{"loc":{"start":{"line":507,"column":14},"end":{"line":507,"column":null}},"type":"binary-expr","locations":[{"start":{"line":507,"column":14},"end":{"line":507,"column":47}},{"start":{"line":507,"column":47},"end":{"line":507,"column":null}}],"line":507},"21":{"loc":{"start":{"line":508,"column":14},"end":{"line":508,"column":null}},"type":"binary-expr","locations":[{"start":{"line":508,"column":14},"end":{"line":508,"column":43}},{"start":{"line":508,"column":43},"end":{"line":508,"column":null}}],"line":508},"22":{"loc":{"start":{"line":511,"column":8},"end":{"line":515,"column":null}},"type":"if","locations":[{"start":{"line":511,"column":8},"end":{"line":515,"column":null}},{"start":{},"end":{}}],"line":511},"23":{"loc":{"start":{"line":521,"column":8},"end":{"line":524,"column":null}},"type":"if","locations":[{"start":{"line":521,"column":8},"end":{"line":524,"column":null}},{"start":{},"end":{}}],"line":521},"24":{"loc":{"start":{"line":564,"column":8},"end":{"line":568,"column":null}},"type":"if","locations":[{"start":{"line":564,"column":8},"end":{"line":568,"column":null}},{"start":{},"end":{}}],"line":564},"25":{"loc":{"start":{"line":574,"column":8},"end":{"line":577,"column":null}},"type":"if","locations":[{"start":{"line":574,"column":8},"end":{"line":577,"column":null}},{"start":{},"end":{}}],"line":574}},"s":{"0":1,"1":1,"2":1,"3":1,"4":1,"5":0,"6":0,"7":0,"8":0,"9":0,"10":0,"11":18,"12":2,"13":2,"14":2,"15":2,"16":2,"17":2,"18":0,"19":0,"20":0,"21":0,"22":0,"23":18,"24":3,"25":3,"26":3,"27":3,"28":3,"29":3,"30":2,"31":1,"32":0,"33":0,"34":0,"35":0,"36":0,"37":18,"38":8,"39":8,"40":8,"41":8,"42":1,"43":7,"44":7,"45":7,"46":1,"47":6,"48":6,"49":6,"50":6,"51":6,"52":0,"53":0,"54":0,"55":0,"56":0,"57":18,"58":6,"59":6,"60":6,"61":6,"62":0,"63":6,"64":6,"65":6,"66":6,"67":1,"68":5,"69":5,"70":5,"71":5,"72":5,"73":0,"74":0,"75":0,"76":0,"77":0,"78":18,"79":5,"80":5,"81":5,"82":5,"83":0,"84":5,"85":5,"86":1,"87":1,"88":0,"89":5,"90":5,"91":1,"92":1,"93":1,"94":0,"95":5,"96":5,"97":5,"98":5,"99":1,"100":4,"101":4,"102":0,"103":0,"104":0,"105":0,"106":0,"107":18,"108":3,"109":3,"110":3,"111":3,"112":3,"113":3,"114":1,"115":2,"116":2,"117":0,"118":0,"119":0,"120":0,"121":0},"f":{"0":0,"1":18,"2":2,"3":3,"4":8,"5":6,"6":5,"7":3},"b":{"0":[0,0,0,0,0,0],"1":[0,0],"2":[2,1],"3":[0,0],"4":[1,7],"5":[1,6],"6":[6,1],"7":[0,0],"8":[0,6],"9":[1,5],"10":[5,1],"11":[0,0],"12":[0,5],"13":[1,4],"14":[5,1],"15":[0,1],"16":[1,4],"17":[0,1],"18":[5,4],"19":[5,1],"20":[5,1],"21":[5,1],"22":[1,4],"23":[0,0],"24":[1,2],"25":[0,0]},"meta":{"lastBranch":26,"lastFunction":8,"lastStatement":122,"seen":{"s:21:21:24:Infinity":0,"s:27:30:32:Infinity":1,"s:35:30:39:Infinity":2,"s:42:28:46:Infinity":3,"s:49:29:54:Infinity":4,"f:100:9:100:35":0,"b:102:4:103:Infinity:104:4:105:Infinity:106:4:107:Infinity:108:4:109:Infinity:110:4:110:Infinity:111:4:112:Infinity":0,"s:101:2:113:Infinity":5,"s:103:6:103:Infinity":6,"s:105:6:105:Infinity":7,"s:107:6:107:Infinity":8,"s:109:6:109:Infinity":9,"s:112:6:112:Infinity":10,"f:119:22:119:Infinity":1,"s:126:2:165:Infinity":11,"f:143:4:143:11":2,"s:144:6:163:Infinity":12,"s:145:27:145:Infinity":13,"s:148:23:148:Infinity":14,"s:149:14:149:Infinity":15,"s:152:26:152:Infinity":16,"s:154:8:154:Infinity":17,"b:156:8:159:Infinity:undefined:undefined:undefined:undefined":1,"s:156:8:159:Infinity":18,"s:157:29:157:Infinity":19,"s:158:10:158:Infinity":20,"s:161:8:161:Infinity":21,"s:162:8:162:Infinity":22,"s:170:2:216:Infinity":23,"f:188:4:188:11":3,"s:189:6:214:Infinity":24,"s:190:31:190:Infinity":25,"s:193:23:193:Infinity":26,"s:194:14:194:Infinity":27,"s:197:25:197:Infinity":28,"b:199:8:203:Infinity:undefined:undefined:undefined:undefined":2,"s:199:8:203:Infinity":29,"s:200:10:202:Infinity":30,"s:205:8:205:Infinity":31,"b:207:8:210:Infinity:undefined:undefined:undefined:undefined":3,"s:207:8:210:Infinity":32,"s:208:29:208:Infinity":33,"s:209:10:209:Infinity":34,"s:212:8:212:Infinity":35,"s:213:8:213:Infinity":36,"s:221:2:310:Infinity":37,"f:259:4:259:Infinity":4,"s:263:6:308:Infinity":38,"s:264:27:264:Infinity":39,"s:267:27:267:Infinity":40,"b:268:8:273:Infinity:undefined:undefined:undefined:undefined":4,"s:268:8:273:Infinity":41,"s:269:10:272:Infinity":42,"s:275:22:275:Infinity":43,"s:278:14:278:Infinity":44,"b:279:8:283:Infinity:undefined:undefined:undefined:undefined":5,"s:279:8:283:Infinity":45,"s:280:10:282:Infinity":46,"s:286:23:286:Infinity":47,"s:287:14:287:Infinity":48,"s:290:25:295:Infinity":49,"b:294:14:294:29:294:29:294:Infinity":6,"s:297:8:297:Infinity":50,"s:299:8:299:Infinity":51,"b:301:8:304:Infinity:undefined:undefined:undefined:undefined":7,"s:301:8:304:Infinity":52,"s:302:29:302:Infinity":53,"s:303:10:303:Infinity":54,"s:306:8:306:Infinity":55,"s:307:8:307:Infinity":56,"s:315:2:408:Infinity":57,"f:354:4:354:Infinity":5,"s:358:6:406:Infinity":58,"s:359:27:359:Infinity":59,"s:362:27:362:Infinity":60,"b:363:8:368:Infinity:undefined:undefined:undefined:undefined":8,"s:363:8:368:Infinity":61,"s:364:10:367:Infinity":62,"s:370:22:370:Infinity":63,"s:373:14:373:Infinity":64,"s:376:14:376:Infinity":65,"b:377:8:381:Infinity:undefined:undefined:undefined:undefined":9,"s:377:8:381:Infinity":66,"s:378:10:380:Infinity":67,"s:384:23:384:Infinity":68,"s:385:14:385:Infinity":69,"s:388:25:393:Infinity":70,"b:392:14:392:29:392:29:392:Infinity":10,"s:395:8:395:Infinity":71,"s:397:8:397:Infinity":72,"b:399:8:402:Infinity:undefined:undefined:undefined:undefined":11,"s:399:8:402:Infinity":73,"s:400:29:400:Infinity":74,"s:401:10:401:Infinity":75,"s:404:8:404:Infinity":76,"s:405:8:405:Infinity":77,"s:413:2:530:Infinity":78,"f:459:4:459:Infinity":6,"s:463:6:528:Infinity":79,"s:464:31:464:Infinity":80,"s:467:27:467:Infinity":81,"b:468:8:473:Infinity:undefined:undefined:undefined:undefined":12,"s:468:8:473:Infinity":82,"s:469:10:472:Infinity":83,"s:475:22:475:Infinity":84,"b:478:8:485:Infinity:undefined:undefined:undefined:undefined":13,"s:478:8:485:Infinity":85,"b:478:12:478:42:478:42:478:65":14,"s:479:16:479:Infinity":86,"b:480:10:484:Infinity:undefined:undefined:undefined:undefined":15,"s:480:10:484:Infinity":87,"s:481:12:483:Infinity":88,"s:488:30:488:Infinity":89,"b:489:8:497:Infinity:undefined:undefined:undefined:undefined":16,"s:489:8:497:Infinity":90,"s:490:10:490:Infinity":91,"s:491:16:491:Infinity":92,"b:492:10:496:Infinity:undefined:undefined:undefined:undefined":17,"s:492:10:496:Infinity":93,"s:493:12:495:Infinity":94,"s:500:23:500:Infinity":95,"s:501:14:501:Infinity":96,"s:504:25:509:Infinity":97,"b:505:14:505:42:505:42:505:Infinity":18,"b:506:14:506:44:506:44:506:Infinity":19,"b:507:14:507:47:507:47:507:Infinity":20,"b:508:14:508:43:508:43:508:Infinity":21,"b:511:8:515:Infinity:undefined:undefined:undefined:undefined":22,"s:511:8:515:Infinity":98,"s:512:10:514:Infinity":99,"s:517:8:517:Infinity":100,"s:519:8:519:Infinity":101,"b:521:8:524:Infinity:undefined:undefined:undefined:undefined":23,"s:521:8:524:Infinity":102,"s:522:29:522:Infinity":103,"s:523:10:523:Infinity":104,"s:526:8:526:Infinity":105,"s:527:8:527:Infinity":106,"s:535:2:583:Infinity":107,"f:553:4:553:11":7,"s:554:6:581:Infinity":108,"s:555:31:555:Infinity":109,"s:558:23:558:Infinity":110,"s:559:14:559:Infinity":111,"s:562:24:562:Infinity":112,"b:564:8:568:Infinity:undefined:undefined:undefined:undefined":24,"s:564:8:568:Infinity":113,"s:565:10:567:Infinity":114,"s:570:8:570:Infinity":115,"s:572:8:572:Infinity":116,"b:574:8:577:Infinity:undefined:undefined:undefined:undefined":25,"s:574:8:577:Infinity":117,"s:575:29:575:Infinity":118,"s:576:10:576:Infinity":119,"s:579:8:579:Infinity":120,"s:580:8:580:Infinity":121}}}
,"/mnt/c/Users/paytonz.FUTUREHOME/Nextcloud/Dev/GitHub/opentakeoff/apps/backend/src/routes/projects.ts": {"path":"/mnt/c/Users/paytonz.FUTUREHOME/Nextcloud/Dev/GitHub/opentakeoff/apps/backend/src/routes/projects.ts","statementMap":{"0":{"start":{"line":23,"column":30},"end":{"line":26,"column":null}},"1":{"start":{"line":29,"column":28},"end":{"line":32,"column":null}},"2":{"start":{"line":35,"column":28},"end":{"line":38,"column":null}},"3":{"start":{"line":67,"column":2},"end":{"line":79,"column":null}},"4":{"start":{"line":69,"column":6},"end":{"line":69,"column":null}},"5":{"start":{"line":71,"column":6},"end":{"line":71,"column":null}},"6":{"start":{"line":73,"column":6},"end":{"line":73,"column":null}},"7":{"start":{"line":75,"column":6},"end":{"line":75,"column":null}},"8":{"start":{"line":78,"column":6},"end":{"line":78,"column":null}},"9":{"start":{"line":92,"column":2},"end":{"line":199,"column":null}},"10":{"start":{"line":158,"column":6},"end":{"line":197,"column":null}},"11":{"start":{"line":160,"column":28},"end":{"line":160,"column":null}},"12":{"start":{"line":161,"column":8},"end":{"line":166,"column":null}},"13":{"start":{"line":162,"column":10},"end":{"line":165,"column":null}},"14":{"start":{"line":168,"column":41},"end":{"line":168,"column":null}},"15":{"start":{"line":171,"column":23},"end":{"line":171,"column":null}},"16":{"start":{"line":172,"column":14},"end":{"line":172,"column":null}},"17":{"start":{"line":175,"column":23},"end":{"line":175,"column":null}},"18":{"start":{"line":178,"column":14},"end":{"line":182,"column":null}},"19":{"start":{"line":184,"column":8},"end":{"line":186,"column":null}},"20":{"start":{"line":185,"column":10},"end":{"line":185,"column":null}},"21":{"start":{"line":188,"column":8},"end":{"line":188,"column":null}},"22":{"start":{"line":190,"column":8},"end":{"line":193,"column":null}},"23":{"start":{"line":191,"column":29},"end":{"line":191,"column":null}},"24":{"start":{"line":192,"column":10},"end":{"line":192,"column":null}},"25":{"start":{"line":195,"column":8},"end":{"line":195,"column":null}},"26":{"start":{"line":196,"column":8},"end":{"line":196,"column":null}},"27":{"start":{"line":204,"column":2},"end":{"line":276,"column":null}},"28":{"start":{"line":241,"column":6},"end":{"line":274,"column":null}},"29":{"start":{"line":243,"column":27},"end":{"line":243,"column":null}},"30":{"start":{"line":244,"column":8},"end":{"line":249,"column":null}},"31":{"start":{"line":245,"column":10},"end":{"line":248,"column":null}},"32":{"start":{"line":251,"column":22},"end":{"line":251,"column":null}},"33":{"start":{"line":254,"column":23},"end":{"line":254,"column":null}},"34":{"start":{"line":255,"column":14},"end":{"line":255,"column":null}},"35":{"start":{"line":258,"column":24},"end":{"line":261,"column":null}},"36":{"start":{"line":263,"column":8},"end":{"line":263,"column":null}},"37":{"start":{"line":265,"column":8},"end":{"line":265,"column":null}},"38":{"start":{"line":267,"column":8},"end":{"line":270,"column":null}},"39":{"start":{"line":268,"column":29},"end":{"line":268,"column":null}},"40":{"start":{"line":269,"column":10},"end":{"line":269,"column":null}},"41":{"start":{"line":272,"column":8},"end":{"line":272,"column":null}},"42":{"start":{"line":273,"column":8},"end":{"line":273,"column":null}},"43":{"start":{"line":281,"column":2},"end":{"line":344,"column":null}},"44":{"start":{"line":317,"column":6},"end":{"line":342,"column":null}},"45":{"start":{"line":318,"column":23},"end":{"line":318,"column":null}},"46":{"start":{"line":321,"column":23},"end":{"line":321,"column":null}},"47":{"start":{"line":322,"column":14},"end":{"line":322,"column":null}},"48":{"start":{"line":325,"column":24},"end":{"line":325,"column":null}},"49":{"start":{"line":327,"column":8},"end":{"line":331,"column":null}},"50":{"start":{"line":328,"column":10},"end":{"line":330,"column":null}},"51":{"start":{"line":333,"column":8},"end":{"line":333,"column":null}},"52":{"start":{"line":335,"column":8},"end":{"line":338,"column":null}},"53":{"start":{"line":336,"column":29},"end":{"line":336,"column":null}},"54":{"start":{"line":337,"column":10},"end":{"line":337,"column":null}},"55":{"start":{"line":340,"column":8},"end":{"line":340,"column":null}},"56":{"start":{"line":341,"column":8},"end":{"line":341,"column":null}},"57":{"start":{"line":349,"column":2},"end":{"line":452,"column":null}},"58":{"start":{"line":402,"column":6},"end":{"line":450,"column":null}},"59":{"start":{"line":403,"column":23},"end":{"line":403,"column":null}},"60":{"start":{"line":406,"column":27},"end":{"line":406,"column":null}},"61":{"start":{"line":407,"column":8},"end":{"line":412,"column":null}},"62":{"start":{"line":408,"column":10},"end":{"line":411,"column":null}},"63":{"start":{"line":414,"column":22},"end":{"line":414,"column":null}},"64":{"start":{"line":417,"column":8},"end":{"line":421,"column":null}},"65":{"start":{"line":418,"column":10},"end":{"line":420,"column":null}},"66":{"start":{"line":424,"column":23},"end":{"line":424,"column":null}},"67":{"start":{"line":425,"column":14},"end":{"line":425,"column":null}},"68":{"start":{"line":428,"column":24},"end":{"line":431,"column":null}},"69":{"start":{"line":433,"column":8},"end":{"line":437,"column":null}},"70":{"start":{"line":434,"column":10},"end":{"line":436,"column":null}},"71":{"start":{"line":439,"column":8},"end":{"line":439,"column":null}},"72":{"start":{"line":441,"column":8},"end":{"line":441,"column":null}},"73":{"start":{"line":443,"column":8},"end":{"line":446,"column":null}},"74":{"start":{"line":444,"column":29},"end":{"line":444,"column":null}},"75":{"start":{"line":445,"column":10},"end":{"line":445,"column":null}},"76":{"start":{"line":448,"column":8},"end":{"line":448,"column":null}},"77":{"start":{"line":449,"column":8},"end":{"line":449,"column":null}},"78":{"start":{"line":457,"column":2},"end":{"line":515,"column":null}},"79":{"start":{"line":486,"column":6},"end":{"line":513,"column":null}},"80":{"start":{"line":487,"column":23},"end":{"line":487,"column":null}},"81":{"start":{"line":490,"column":23},"end":{"line":490,"column":null}},"82":{"start":{"line":491,"column":14},"end":{"line":491,"column":null}},"83":{"start":{"line":494,"column":24},"end":{"line":494,"column":null}},"84":{"start":{"line":496,"column":8},"end":{"line":500,"column":null}},"85":{"start":{"line":497,"column":10},"end":{"line":499,"column":null}},"86":{"start":{"line":502,"column":8},"end":{"line":502,"column":null}},"87":{"start":{"line":504,"column":8},"end":{"line":504,"column":null}},"88":{"start":{"line":506,"column":8},"end":{"line":509,"column":null}},"89":{"start":{"line":507,"column":29},"end":{"line":507,"column":null}},"90":{"start":{"line":508,"column":10},"end":{"line":508,"column":null}},"91":{"start":{"line":511,"column":8},"end":{"line":511,"column":null}},"92":{"start":{"line":512,"column":8},"end":{"line":512,"column":null}},"93":{"start":{"line":520,"column":2},"end":{"line":660,"column":null}},"94":{"start":{"line":608,"column":6},"end":{"line":658,"column":null}},"95":{"start":{"line":609,"column":23},"end":{"line":609,"column":null}},"96":{"start":{"line":612,"column":28},"end":{"line":612,"column":null}},"97":{"start":{"line":613,"column":8},"end":{"line":618,"column":null}},"98":{"start":{"line":614,"column":10},"end":{"line":617,"column":null}},"99":{"start":{"line":620,"column":41},"end":{"line":620,"column":null}},"100":{"start":{"line":623,"column":23},"end":{"line":623,"column":null}},"101":{"start":{"line":624,"column":14},"end":{"line":624,"column":null}},"102":{"start":{"line":625,"column":14},"end":{"line":625,"column":null}},"103":{"start":{"line":628,"column":24},"end":{"line":628,"column":null}},"104":{"start":{"line":629,"column":8},"end":{"line":633,"column":null}},"105":{"start":{"line":630,"column":10},"end":{"line":632,"column":null}},"106":{"start":{"line":636,"column":23},"end":{"line":636,"column":null}},"107":{"start":{"line":639,"column":14},"end":{"line":643,"column":null}},"108":{"start":{"line":645,"column":8},"end":{"line":647,"column":null}},"109":{"start":{"line":646,"column":10},"end":{"line":646,"column":null}},"110":{"start":{"line":649,"column":8},"end":{"line":649,"column":null}},"111":{"start":{"line":651,"column":8},"end":{"line":654,"column":null}},"112":{"start":{"line":652,"column":29},"end":{"line":652,"column":null}},"113":{"start":{"line":653,"column":10},"end":{"line":653,"column":null}},"114":{"start":{"line":656,"column":8},"end":{"line":656,"column":null}},"115":{"start":{"line":657,"column":8},"end":{"line":657,"column":null}}},"fnMap":{"0":{"name":"mapServiceErrorToHttpCode","decl":{"start":{"line":66,"column":9},"end":{"line":66,"column":35}},"loc":{"start":{"line":66,"column":64},"end":{"line":80,"column":null}},"line":66},"1":{"name":"projectRoutes","decl":{"start":{"line":85,"column":22},"end":{"line":85,"column":null}},"loc":{"start":{"line":88,"column":17},"end":{"line":661,"column":null}},"line":88},"2":{"name":"(anonymous_2)","decl":{"start":{"line":157,"column":4},"end":{"line":157,"column":11}},"loc":{"start":{"line":157,"column":96},"end":{"line":198,"column":null}},"line":157},"3":{"name":"(anonymous_3)","decl":{"start":{"line":240,"column":4},"end":{"line":240,"column":11}},"loc":{"start":{"line":240,"column":89},"end":{"line":275,"column":null}},"line":240},"4":{"name":"(anonymous_4)","decl":{"start":{"line":316,"column":4},"end":{"line":316,"column":11}},"loc":{"start":{"line":316,"column":89},"end":{"line":343,"column":null}},"line":316},"5":{"name":"(anonymous_5)","decl":{"start":{"line":398,"column":4},"end":{"line":398,"column":null}},"loc":{"start":{"line":401,"column":9},"end":{"line":451,"column":null}},"line":401},"6":{"name":"(anonymous_6)","decl":{"start":{"line":485,"column":4},"end":{"line":485,"column":11}},"loc":{"start":{"line":485,"column":89},"end":{"line":514,"column":null}},"line":485},"7":{"name":"(anonymous_7)","decl":{"start":{"line":604,"column":4},"end":{"line":604,"column":null}},"loc":{"start":{"line":607,"column":9},"end":{"line":659,"column":null}},"line":607}},"branchMap":{"0":{"loc":{"start":{"line":67,"column":2},"end":{"line":79,"column":null}},"type":"switch","locations":[{"start":{"line":68,"column":4},"end":{"line":69,"column":null}},{"start":{"line":70,"column":4},"end":{"line":71,"column":null}},{"start":{"line":72,"column":4},"end":{"line":73,"column":null}},{"start":{"line":74,"column":4},"end":{"line":75,"column":null}},{"start":{"line":76,"column":4},"end":{"line":76,"column":null}},{"start":{"line":77,"column":4},"end":{"line":78,"column":null}}],"line":67},"1":{"loc":{"start":{"line":161,"column":8},"end":{"line":166,"column":null}},"type":"if","locations":[{"start":{"line":161,"column":8},"end":{"line":166,"column":null}},{"start":{},"end":{}}],"line":161},"2":{"loc":{"start":{"line":184,"column":8},"end":{"line":186,"column":null}},"type":"if","locations":[{"start":{"line":184,"column":8},"end":{"line":186,"column":null}},{"start":{},"end":{}}],"line":184},"3":{"loc":{"start":{"line":190,"column":8},"end":{"line":193,"column":null}},"type":"if","locations":[{"start":{"line":190,"column":8},"end":{"line":193,"column":null}},{"start":{},"end":{}}],"line":190},"4":{"loc":{"start":{"line":244,"column":8},"end":{"line":249,"column":null}},"type":"if","locations":[{"start":{"line":244,"column":8},"end":{"line":249,"column":null}},{"start":{},"end":{}}],"line":244},"5":{"loc":{"start":{"line":267,"column":8},"end":{"line":270,"column":null}},"type":"if","locations":[{"start":{"line":267,"column":8},"end":{"line":270,"column":null}},{"start":{},"end":{}}],"line":267},"6":{"loc":{"start":{"line":327,"column":8},"end":{"line":331,"column":null}},"type":"if","locations":[{"start":{"line":327,"column":8},"end":{"line":331,"column":null}},{"start":{},"end":{}}],"line":327},"7":{"loc":{"start":{"line":335,"column":8},"end":{"line":338,"column":null}},"type":"if","locations":[{"start":{"line":335,"column":8},"end":{"line":338,"column":null}},{"start":{},"end":{}}],"line":335},"8":{"loc":{"start":{"line":407,"column":8},"end":{"line":412,"column":null}},"type":"if","locations":[{"start":{"line":407,"column":8},"end":{"line":412,"column":null}},{"start":{},"end":{}}],"line":407},"9":{"loc":{"start":{"line":417,"column":8},"end":{"line":421,"column":null}},"type":"if","locations":[{"start":{"line":417,"column":8},"end":{"line":421,"column":null}},{"start":{},"end":{}}],"line":417},"10":{"loc":{"start":{"line":417,"column":12},"end":{"line":417,"column":73}},"type":"binary-expr","locations":[{"start":{"line":417,"column":12},"end":{"line":417,"column":40}},{"start":{"line":417,"column":40},"end":{"line":417,"column":73}}],"line":417},"11":{"loc":{"start":{"line":433,"column":8},"end":{"line":437,"column":null}},"type":"if","locations":[{"start":{"line":433,"column":8},"end":{"line":437,"column":null}},{"start":{},"end":{}}],"line":433},"12":{"loc":{"start":{"line":443,"column":8},"end":{"line":446,"column":null}},"type":"if","locations":[{"start":{"line":443,"column":8},"end":{"line":446,"column":null}},{"start":{},"end":{}}],"line":443},"13":{"loc":{"start":{"line":496,"column":8},"end":{"line":500,"column":null}},"type":"if","locations":[{"start":{"line":496,"column":8},"end":{"line":500,"column":null}},{"start":{},"end":{}}],"line":496},"14":{"loc":{"start":{"line":506,"column":8},"end":{"line":509,"column":null}},"type":"if","locations":[{"start":{"line":506,"column":8},"end":{"line":509,"column":null}},{"start":{},"end":{}}],"line":506},"15":{"loc":{"start":{"line":613,"column":8},"end":{"line":618,"column":null}},"type":"if","locations":[{"start":{"line":613,"column":8},"end":{"line":618,"column":null}},{"start":{},"end":{}}],"line":613},"16":{"loc":{"start":{"line":629,"column":8},"end":{"line":633,"column":null}},"type":"if","locations":[{"start":{"line":629,"column":8},"end":{"line":633,"column":null}},{"start":{},"end":{}}],"line":629},"17":{"loc":{"start":{"line":645,"column":8},"end":{"line":647,"column":null}},"type":"if","locations":[{"start":{"line":645,"column":8},"end":{"line":647,"column":null}},{"start":{},"end":{}}],"line":645},"18":{"loc":{"start":{"line":651,"column":8},"end":{"line":654,"column":null}},"type":"if","locations":[{"start":{"line":651,"column":8},"end":{"line":654,"column":null}},{"start":{},"end":{}}],"line":651}},"s":{"0":1,"1":1,"2":1,"3":0,"4":0,"5":0,"6":0,"7":0,"8":0,"9":35,"10":9,"11":9,"12":9,"13":0,"14":9,"15":9,"16":9,"17":9,"18":9,"19":9,"20":4,"21":9,"22":0,"23":0,"24":0,"25":0,"26":0,"27":35,"28":39,"29":39,"30":39,"31":0,"32":39,"33":39,"34":39,"35":39,"36":39,"37":39,"38":0,"39":0,"40":0,"41":0,"42":0,"43":35,"44":5,"45":5,"46":5,"47":5,"48":5,"49":5,"50":3,"51":2,"52":0,"53":0,"54":0,"55":0,"56":0,"57":35,"58":6,"59":6,"60":6,"61":6,"62":0,"63":6,"64":6,"65":1,"66":5,"67":5,"68":5,"69":5,"70":1,"71":4,"72":4,"73":0,"74":0,"75":0,"76":0,"77":0,"78":35,"79":4,"80":4,"81":4,"82":4,"83":4,"84":4,"85":1,"86":3,"87":3,"88":0,"89":0,"90":0,"91":0,"92":0,"93":35,"94":9,"95":9,"96":9,"97":9,"98":0,"99":9,"100":9,"101":9,"102":9,"103":9,"104":9,"105":1,"106":8,"107":8,"108":8,"109":3,"110":8,"111":0,"112":0,"113":0,"114":0,"115":0},"f":{"0":0,"1":35,"2":9,"3":39,"4":5,"5":6,"6":4,"7":9},"b":{"0":[0,0,0,0,0,0],"1":[0,9],"2":[4,5],"3":[0,0],"4":[0,39],"5":[0,0],"6":[3,2],"7":[0,0],"8":[0,6],"9":[1,5],"10":[6,4],"11":[1,4],"12":[0,0],"13":[1,3],"14":[0,0],"15":[0,9],"16":[1,8],"17":[3,5],"18":[0,0]},"meta":{"lastBranch":19,"lastFunction":8,"lastStatement":116,"seen":{"s:23:30:26:Infinity":0,"s:29:28:32:Infinity":1,"s:35:28:38:Infinity":2,"f:66:9:66:35":0,"b:68:4:69:Infinity:70:4:71:Infinity:72:4:73:Infinity:74:4:75:Infinity:76:4:76:Infinity:77:4:78:Infinity":0,"s:67:2:79:Infinity":3,"s:69:6:69:Infinity":4,"s:71:6:71:Infinity":5,"s:73:6:73:Infinity":6,"s:75:6:75:Infinity":7,"s:78:6:78:Infinity":8,"f:85:22:85:Infinity":1,"s:92:2:199:Infinity":9,"f:157:4:157:11":2,"s:158:6:197:Infinity":10,"s:160:28:160:Infinity":11,"b:161:8:166:Infinity:undefined:undefined:undefined:undefined":1,"s:161:8:166:Infinity":12,"s:162:10:165:Infinity":13,"s:168:41:168:Infinity":14,"s:171:23:171:Infinity":15,"s:172:14:172:Infinity":16,"s:175:23:175:Infinity":17,"s:178:14:182:Infinity":18,"b:184:8:186:Infinity:undefined:undefined:undefined:undefined":2,"s:184:8:186:Infinity":19,"s:185:10:185:Infinity":20,"s:188:8:188:Infinity":21,"b:190:8:193:Infinity:undefined:undefined:undefined:undefined":3,"s:190:8:193:Infinity":22,"s:191:29:191:Infinity":23,"s:192:10:192:Infinity":24,"s:195:8:195:Infinity":25,"s:196:8:196:Infinity":26,"s:204:2:276:Infinity":27,"f:240:4:240:11":3,"s:241:6:274:Infinity":28,"s:243:27:243:Infinity":29,"b:244:8:249:Infinity:undefined:undefined:undefined:undefined":4,"s:244:8:249:Infinity":30,"s:245:10:248:Infinity":31,"s:251:22:251:Infinity":32,"s:254:23:254:Infinity":33,"s:255:14:255:Infinity":34,"s:258:24:261:Infinity":35,"s:263:8:263:Infinity":36,"s:265:8:265:Infinity":37,"b:267:8:270:Infinity:undefined:undefined:undefined:undefined":5,"s:267:8:270:Infinity":38,"s:268:29:268:Infinity":39,"s:269:10:269:Infinity":40,"s:272:8:272:Infinity":41,"s:273:8:273:Infinity":42,"s:281:2:344:Infinity":43,"f:316:4:316:11":4,"s:317:6:342:Infinity":44,"s:318:23:318:Infinity":45,"s:321:23:321:Infinity":46,"s:322:14:322:Infinity":47,"s:325:24:325:Infinity":48,"b:327:8:331:Infinity:undefined:undefined:undefined:undefined":6,"s:327:8:331:Infinity":49,"s:328:10:330:Infinity":50,"s:333:8:333:Infinity":51,"b:335:8:338:Infinity:undefined:undefined:undefined:undefined":7,"s:335:8:338:Infinity":52,"s:336:29:336:Infinity":53,"s:337:10:337:Infinity":54,"s:340:8:340:Infinity":55,"s:341:8:341:Infinity":56,"s:349:2:452:Infinity":57,"f:398:4:398:Infinity":5,"s:402:6:450:Infinity":58,"s:403:23:403:Infinity":59,"s:406:27:406:Infinity":60,"b:407:8:412:Infinity:undefined:undefined:undefined:undefined":8,"s:407:8:412:Infinity":61,"s:408:10:411:Infinity":62,"s:414:22:414:Infinity":63,"b:417:8:421:Infinity:undefined:undefined:undefined:undefined":9,"s:417:8:421:Infinity":64,"b:417:12:417:40:417:40:417:73":10,"s:418:10:420:Infinity":65,"s:424:23:424:Infinity":66,"s:425:14:425:Infinity":67,"s:428:24:431:Infinity":68,"b:433:8:437:Infinity:undefined:undefined:undefined:undefined":11,"s:433:8:437:Infinity":69,"s:434:10:436:Infinity":70,"s:439:8:439:Infinity":71,"s:441:8:441:Infinity":72,"b:443:8:446:Infinity:undefined:undefined:undefined:undefined":12,"s:443:8:446:Infinity":73,"s:444:29:444:Infinity":74,"s:445:10:445:Infinity":75,"s:448:8:448:Infinity":76,"s:449:8:449:Infinity":77,"s:457:2:515:Infinity":78,"f:485:4:485:11":6,"s:486:6:513:Infinity":79,"s:487:23:487:Infinity":80,"s:490:23:490:Infinity":81,"s:491:14:491:Infinity":82,"s:494:24:494:Infinity":83,"b:496:8:500:Infinity:undefined:undefined:undefined:undefined":13,"s:496:8:500:Infinity":84,"s:497:10:499:Infinity":85,"s:502:8:502:Infinity":86,"s:504:8:504:Infinity":87,"b:506:8:509:Infinity:undefined:undefined:undefined:undefined":14,"s:506:8:509:Infinity":88,"s:507:29:507:Infinity":89,"s:508:10:508:Infinity":90,"s:511:8:511:Infinity":91,"s:512:8:512:Infinity":92,"s:520:2:660:Infinity":93,"f:604:4:604:Infinity":7,"s:608:6:658:Infinity":94,"s:609:23:609:Infinity":95,"s:612:28:612:Infinity":96,"b:613:8:618:Infinity:undefined:undefined:undefined:undefined":15,"s:613:8:618:Infinity":97,"s:614:10:617:Infinity":98,"s:620:41:620:Infinity":99,"s:623:23:623:Infinity":100,"s:624:14:624:Infinity":101,"s:625:14:625:Infinity":102,"s:628:24:628:Infinity":103,"b:629:8:633:Infinity:undefined:undefined:undefined:undefined":16,"s:629:8:633:Infinity":104,"s:630:10:632:Infinity":105,"s:636:23:636:Infinity":106,"s:639:14:643:Infinity":107,"b:645:8:647:Infinity:undefined:undefined:undefined:undefined":17,"s:645:8:647:Infinity":108,"s:646:10:646:Infinity":109,"s:649:8:649:Infinity":110,"b:651:8:654:Infinity:undefined:undefined:undefined:undefined":18,"s:651:8:654:Infinity":111,"s:652:29:652:Infinity":112,"s:653:10:653:Infinity":113,"s:656:8:656:Infinity":114,"s:657:8:657:Infinity":115}}}
,"/mnt/c/Users/paytonz.FUTUREHOME/Nextcloud/Dev/GitHub/opentakeoff/apps/backend/src/services/data/countService.ts": {"path":"/mnt/c/Users/paytonz.FUTUREHOME/Nextcloud/Dev/GitHub/opentakeoff/apps/backend/src/services/data/countService.ts","statementMap":{"0":{"start":{"line":43,"column":22},"end":{"line":43,"column":64}},"1":{"start":{"line":53,"column":4},"end":{"line":119,"column":null}},"2":{"start":{"line":55,"column":26},"end":{"line":68,"column":null}},"3":{"start":{"line":70,"column":22},"end":{"line":70,"column":null}},"4":{"start":{"line":73,"column":27},"end":{"line":75,"column":null}},"5":{"start":{"line":74,"column":8},"end":{"line":74,"column":null}},"6":{"start":{"line":78,"column":44},"end":{"line":84,"column":null}},"7":{"start":{"line":78,"column":66},"end":{"line":84,"column":8}},"8":{"start":{"line":87,"column":30},"end":{"line":87,"column":null}},"9":{"start":{"line":89,"column":6},"end":{"line":99,"column":null}},"10":{"start":{"line":90,"column":25},"end":{"line":90,"column":null}},"11":{"start":{"line":91,"column":8},"end":{"line":98,"column":null}},"12":{"start":{"line":92,"column":10},"end":{"line":92,"column":null}},"13":{"start":{"line":94,"column":10},"end":{"line":97,"column":null}},"14":{"start":{"line":101,"column":21},"end":{"line":105,"column":null}},"15":{"start":{"line":101,"column":86},"end":{"line":105,"column":8}},"16":{"start":{"line":107,"column":6},"end":{"line":112,"column":null}},"17":{"start":{"line":114,"column":6},"end":{"line":118,"column":null}},"18":{"start":{"line":130,"column":4},"end":{"line":252,"column":null}},"19":{"start":{"line":134,"column":24},"end":{"line":137,"column":null}},"20":{"start":{"line":140,"column":71},"end":{"line":140,"column":null}},"21":{"start":{"line":142,"column":6},"end":{"line":175,"column":null}},"22":{"start":{"line":143,"column":33},"end":{"line":143,"column":null}},"23":{"start":{"line":144,"column":8},"end":{"line":152,"column":null}},"24":{"start":{"line":146,"column":31},"end":{"line":150,"column":null}},"25":{"start":{"line":151,"column":12},"end":{"line":151,"column":null}},"26":{"start":{"line":151,"column":46},"end":{"line":151,"column":65}},"27":{"start":{"line":154,"column":45},"end":{"line":154,"column":null}},"28":{"start":{"line":155,"column":8},"end":{"line":165,"column":null}},"29":{"start":{"line":156,"column":13},"end":{"line":164,"column":null}},"30":{"start":{"line":157,"column":16},"end":{"line":161,"column":null}},"31":{"start":{"line":158,"column":19},"end":{"line":158,"column":null}},"32":{"start":{"line":160,"column":19},"end":{"line":160,"column":null}},"33":{"start":{"line":163,"column":16},"end":{"line":163,"column":null}},"34":{"start":{"line":167,"column":8},"end":{"line":174,"column":null}},"35":{"start":{"line":178,"column":21},"end":{"line":178,"column":null}},"36":{"start":{"line":180,"column":67},"end":{"line":180,"column":null}},"37":{"start":{"line":182,"column":6},"end":{"line":198,"column":null}},"38":{"start":{"line":183,"column":43},"end":{"line":183,"column":null}},"39":{"start":{"line":184,"column":22},"end":{"line":184,"column":null}},"40":{"start":{"line":188,"column":8},"end":{"line":193,"column":null}},"41":{"start":{"line":189,"column":12},"end":{"line":192,"column":null}},"42":{"start":{"line":190,"column":16},"end":{"line":190,"column":null}},"43":{"start":{"line":191,"column":16},"end":{"line":191,"column":null}},"44":{"start":{"line":195,"column":8},"end":{"line":197,"column":null}},"45":{"start":{"line":196,"column":12},"end":{"line":196,"column":null}},"46":{"start":{"line":201,"column":6},"end":{"line":244,"column":null}},"47":{"start":{"line":203,"column":20},"end":{"line":203,"column":null}},"48":{"start":{"line":204,"column":8},"end":{"line":209,"column":null}},"49":{"start":{"line":205,"column":12},"end":{"line":208,"column":null}},"50":{"start":{"line":212,"column":8},"end":{"line":212,"column":null}},"51":{"start":{"line":215,"column":27},"end":{"line":225,"column":null}},"52":{"start":{"line":228,"column":8},"end":{"line":241,"column":null}},"53":{"start":{"line":229,"column":10},"end":{"line":240,"column":null}},"54":{"start":{"line":231,"column":44},"end":{"line":238,"column":16}},"55":{"start":{"line":243,"column":8},"end":{"line":243,"column":null}},"56":{"start":{"line":246,"column":6},"end":{"line":246,"column":null}},"57":{"start":{"line":247,"column":6},"end":{"line":251,"column":null}},"58":{"start":{"line":264,"column":4},"end":{"line":290,"column":null}},"59":{"start":{"line":265,"column":26},"end":{"line":275,"column":null}},"60":{"start":{"line":277,"column":22},"end":{"line":281,"column":null}},"61":{"start":{"line":283,"column":6},"end":{"line":283,"column":null}},"62":{"start":{"line":285,"column":6},"end":{"line":289,"column":null}},"63":{"start":{"line":301,"column":2},"end":{"line":301,"column":null}}},"fnMap":{"0":{"name":"(anonymous_0)","decl":{"start":{"line":43,"column":2},"end":{"line":43,"column":22}},"loc":{"start":{"line":43,"column":64},"end":{"line":43,"column":null}},"line":43},"1":{"name":"(anonymous_1)","decl":{"start":{"line":52,"column":8},"end":{"line":52,"column":25}},"loc":{"start":{"line":52,"column":66},"end":{"line":120,"column":null}},"line":52},"2":{"name":"(anonymous_2)","decl":{"start":{"line":73,"column":42},"end":{"line":73,"column":43}},"loc":{"start":{"line":73,"column":59},"end":{"line":75,"column":9}},"line":73},"3":{"name":"(anonymous_3)","decl":{"start":{"line":78,"column":56},"end":{"line":78,"column":57}},"loc":{"start":{"line":78,"column":66},"end":{"line":84,"column":8}},"line":78},"4":{"name":"(anonymous_4)","decl":{"start":{"line":101,"column":63},"end":{"line":101,"column":64}},"loc":{"start":{"line":101,"column":86},"end":{"line":105,"column":8}},"line":101},"5":{"name":"(anonymous_5)","decl":{"start":{"line":129,"column":8},"end":{"line":129,"column":31}},"loc":{"start":{"line":129,"column":64},"end":{"line":253,"column":null}},"line":129},"6":{"name":"(anonymous_6)","decl":{"start":{"line":151,"column":38},"end":{"line":151,"column":39}},"loc":{"start":{"line":151,"column":46},"end":{"line":151,"column":65}},"line":151},"7":{"name":"(anonymous_7)","decl":{"start":{"line":201,"column":33},"end":{"line":201,"column":34}},"loc":{"start":{"line":201,"column":41},"end":{"line":244,"column":7}},"line":201},"8":{"name":"(anonymous_8)","decl":{"start":{"line":231,"column":29},"end":{"line":231,"column":30}},"loc":{"start":{"line":231,"column":44},"end":{"line":238,"column":16}},"line":231},"9":{"name":"(anonymous_9)","decl":{"start":{"line":263,"column":8},"end":{"line":263,"column":17}},"loc":{"start":{"line":263,"column":95},"end":{"line":291,"column":null}},"line":263},"10":{"name":"createCountService","decl":{"start":{"line":300,"column":16},"end":{"line":300,"column":35}},"loc":{"start":{"line":300,"column":91},"end":{"line":302,"column":null}},"line":300}},"branchMap":{"0":{"loc":{"start":{"line":74,"column":15},"end":{"line":74,"column":null}},"type":"cond-expr","locations":[{"start":{"line":74,"column":40},"end":{"line":74,"column":56}},{"start":{"line":74,"column":56},"end":{"line":74,"column":null}}],"line":74},"1":{"loc":{"start":{"line":80,"column":20},"end":{"line":80,"column":null}},"type":"binary-expr","locations":[{"start":{"line":80,"column":20},"end":{"line":80,"column":38}},{"start":{"line":80,"column":38},"end":{"line":80,"column":null}}],"line":80},"2":{"loc":{"start":{"line":91,"column":8},"end":{"line":98,"column":null}},"type":"if","locations":[{"start":{"line":91,"column":8},"end":{"line":98,"column":null}},{"start":{"line":93,"column":15},"end":{"line":98,"column":null}}],"line":91},"3":{"loc":{"start":{"line":144,"column":8},"end":{"line":152,"column":null}},"type":"if","locations":[{"start":{"line":144,"column":8},"end":{"line":152,"column":null}},{"start":{},"end":{}}],"line":144},"4":{"loc":{"start":{"line":155,"column":8},"end":{"line":165,"column":null}},"type":"if","locations":[{"start":{"line":155,"column":8},"end":{"line":165,"column":null}},{"start":{},"end":{}}],"line":155},"5":{"loc":{"start":{"line":156,"column":13},"end":{"line":164,"column":null}},"type":"if","locations":[{"start":{"line":156,"column":13},"end":{"line":164,"column":null}},{"start":{"line":162,"column":20},"end":{"line":164,"column":null}}],"line":156},"6":{"loc":{"start":{"line":189,"column":12},"end":{"line":192,"column":null}},"type":"if","locations":[{"start":{"line":189,"column":12},"end":{"line":192,"column":null}},{"start":{},"end":{}}],"line":189},"7":{"loc":{"start":{"line":195,"column":8},"end":{"line":197,"column":null}},"type":"if","locations":[{"start":{"line":195,"column":8},"end":{"line":197,"column":null}},{"start":{},"end":{}}],"line":195},"8":{"loc":{"start":{"line":228,"column":8},"end":{"line":241,"column":null}},"type":"if","locations":[{"start":{"line":228,"column":8},"end":{"line":241,"column":null}},{"start":{},"end":{}}],"line":228},"9":{"loc":{"start":{"line":232,"column":49},"end":{"line":232,"column":73}},"type":"binary-expr","locations":[{"start":{"line":232,"column":49},"end":{"line":232,"column":67}},{"start":{"line":232,"column":67},"end":{"line":232,"column":73}}],"line":232},"10":{"loc":{"start":{"line":265,"column":26},"end":{"line":275,"column":null}},"type":"cond-expr","locations":[{"start":{"line":265,"column":26},"end":{"line":270,"column":null}},{"start":{"line":270,"column":10},"end":{"line":275,"column":null}}],"line":265},"11":{"loc":{"start":{"line":283,"column":13},"end":{"line":283,"column":null}},"type":"cond-expr","locations":[{"start":{"line":283,"column":34},"end":{"line":283,"column":54}},{"start":{"line":283,"column":54},"end":{"line":283,"column":null}}],"line":283}},"s":{"0":4,"1":3,"2":3,"3":3,"4":3,"5":6,"6":3,"7":6,"8":3,"9":3,"10":6,"11":6,"12":2,"13":4,"14":3,"15":4,"16":3,"17":0,"18":0,"19":0,"20":0,"21":0,"22":0,"23":0,"24":0,"25":0,"26":0,"27":0,"28":0,"29":0,"30":0,"31":0,"32":0,"33":0,"34":0,"35":0,"36":0,"37":0,"38":0,"39":0,"40":0,"41":0,"42":0,"43":0,"44":0,"45":0,"46":0,"47":0,"48":0,"49":0,"50":0,"51":0,"52":0,"53":0,"54":0,"55":0,"56":0,"57":0,"58":0,"59":0,"60":0,"61":0,"62":0,"63":4},"f":{"0":4,"1":3,"2":6,"3":6,"4":4,"5":0,"6":0,"7":0,"8":0,"9":0,"10":4},"b":{"0":[3,3],"1":[6,0],"2":[2,4],"3":[0,0],"4":[0,0],"5":[0,0],"6":[0,0],"7":[0,0],"8":[0,0],"9":[0,0],"10":[0,0],"11":[0,0]},"meta":{"lastBranch":12,"lastFunction":11,"lastStatement":64,"seen":{"f:43:2:43:22":0,"s:43:22:43:64":0,"f:52:8:52:25":1,"s:53:4:119:Infinity":1,"s:55:26:68:Infinity":2,"s:70:22:70:Infinity":3,"s:73:27:75:Infinity":4,"f:73:42:73:43":2,"s:74:8:74:Infinity":5,"b:74:40:74:56:74:56:74:Infinity":0,"s:78:44:84:Infinity":6,"f:78:56:78:57":3,"s:78:66:84:8":7,"b:80:20:80:38:80:38:80:Infinity":1,"s:87:30:87:Infinity":8,"s:89:6:99:Infinity":9,"s:90:25:90:Infinity":10,"b:91:8:98:Infinity:93:15:98:Infinity":2,"s:91:8:98:Infinity":11,"s:92:10:92:Infinity":12,"s:94:10:97:Infinity":13,"s:101:21:105:Infinity":14,"f:101:63:101:64":4,"s:101:86:105:8":15,"s:107:6:112:Infinity":16,"s:114:6:118:Infinity":17,"f:129:8:129:31":5,"s:130:4:252:Infinity":18,"s:134:24:137:Infinity":19,"s:140:71:140:Infinity":20,"s:142:6:175:Infinity":21,"s:143:33:143:Infinity":22,"b:144:8:152:Infinity:undefined:undefined:undefined:undefined":3,"s:144:8:152:Infinity":23,"s:146:31:150:Infinity":24,"s:151:12:151:Infinity":25,"f:151:38:151:39":6,"s:151:46:151:65":26,"s:154:45:154:Infinity":27,"b:155:8:165:Infinity:undefined:undefined:undefined:undefined":4,"s:155:8:165:Infinity":28,"b:156:13:164:Infinity:162:20:164:Infinity":5,"s:156:13:164:Infinity":29,"s:157:16:161:Infinity":30,"s:158:19:158:Infinity":31,"s:160:19:160:Infinity":32,"s:163:16:163:Infinity":33,"s:167:8:174:Infinity":34,"s:178:21:178:Infinity":35,"s:180:67:180:Infinity":36,"s:182:6:198:Infinity":37,"s:183:43:183:Infinity":38,"s:184:22:184:Infinity":39,"s:188:8:193:Infinity":40,"b:189:12:192:Infinity:undefined:undefined:undefined:undefined":6,"s:189:12:192:Infinity":41,"s:190:16:190:Infinity":42,"s:191:16:191:Infinity":43,"b:195:8:197:Infinity:undefined:undefined:undefined:undefined":7,"s:195:8:197:Infinity":44,"s:196:12:196:Infinity":45,"s:201:6:244:Infinity":46,"f:201:33:201:34":7,"s:203:20:203:Infinity":47,"s:204:8:209:Infinity":48,"s:205:12:208:Infinity":49,"s:212:8:212:Infinity":50,"s:215:27:225:Infinity":51,"b:228:8:241:Infinity:undefined:undefined:undefined:undefined":8,"s:228:8:241:Infinity":52,"s:229:10:240:Infinity":53,"f:231:29:231:30":8,"s:231:44:238:16":54,"b:232:49:232:67:232:67:232:73":9,"s:243:8:243:Infinity":55,"s:246:6:246:Infinity":56,"s:247:6:251:Infinity":57,"f:263:8:263:17":9,"s:264:4:290:Infinity":58,"s:265:26:275:Infinity":59,"b:265:26:270:Infinity:270:10:275:Infinity":10,"s:277:22:281:Infinity":60,"s:283:6:283:Infinity":61,"b:283:34:283:54:283:54:283:Infinity":11,"s:285:6:289:Infinity":62,"f:300:16:300:35":10,"s:301:2:301:Infinity":63}}}
,"/mnt/c/Users/paytonz.FUTUREHOME/Nextcloud/Dev/GitHub/opentakeoff/apps/backend/src/services/data/deviceService.ts": {"path":"/mnt/c/Users/paytonz.FUTUREHOME/Nextcloud/Dev/GitHub/opentakeoff/apps/backend/src/services/data/deviceService.ts","statementMap":{"0":{"start":{"line":22,"column":22},"end":{"line":22,"column":null}},"1":{"start":{"line":27,"column":18},"end":{"line":27,"column":null}},"2":{"start":{"line":34,"column":22},"end":{"line":34,"column":64}},"3":{"start":{"line":47,"column":18},"end":{"line":47,"column":null}},"4":{"start":{"line":48,"column":19},"end":{"line":48,"column":null}},"5":{"start":{"line":50,"column":4},"end":{"line":90,"column":null}},"6":{"start":{"line":52,"column":26},"end":{"line":57,"column":null}},"7":{"start":{"line":60,"column":20},"end":{"line":65,"column":null}},"8":{"start":{"line":67,"column":22},"end":{"line":67,"column":null}},"9":{"start":{"line":70,"column":22},"end":{"line":70,"column":null}},"10":{"start":{"line":71,"column":20},"end":{"line":71,"column":null}},"11":{"start":{"line":74,"column":25},"end":{"line":74,"column":null}},"12":{"start":{"line":76,"column":6},"end":{"line":83,"column":null}},"13":{"start":{"line":85,"column":6},"end":{"line":89,"column":null}},"14":{"start":{"line":100,"column":4},"end":{"line":118,"column":null}},"15":{"start":{"line":101,"column":22},"end":{"line":105,"column":null}},"16":{"start":{"line":107,"column":6},"end":{"line":109,"column":null}},"17":{"start":{"line":108,"column":8},"end":{"line":108,"column":null}},"18":{"start":{"line":111,"column":6},"end":{"line":111,"column":null}},"19":{"start":{"line":113,"column":6},"end":{"line":117,"column":null}},"20":{"start":{"line":129,"column":10},"end":{"line":129,"column":null}},"21":{"start":{"line":130,"column":16},"end":{"line":130,"column":null}},"22":{"start":{"line":132,"column":4},"end":{"line":164,"column":null}},"23":{"start":{"line":133,"column":23},"end":{"line":145,"column":null}},"24":{"start":{"line":147,"column":6},"end":{"line":147,"column":null}},"25":{"start":{"line":150,"column":18},"end":{"line":150,"column":null}},"26":{"start":{"line":151,"column":6},"end":{"line":157,"column":null}},"27":{"start":{"line":152,"column":8},"end":{"line":156,"column":null}},"28":{"start":{"line":159,"column":6},"end":{"line":163,"column":null}},"29":{"start":{"line":177,"column":21},"end":{"line":177,"column":null}},"30":{"start":{"line":178,"column":4},"end":{"line":180,"column":null}},"31":{"start":{"line":179,"column":6},"end":{"line":179,"column":null}},"32":{"start":{"line":182,"column":16},"end":{"line":182,"column":null}},"33":{"start":{"line":184,"column":4},"end":{"line":214,"column":null}},"34":{"start":{"line":185,"column":24},"end":{"line":195,"column":null}},"35":{"start":{"line":197,"column":6},"end":{"line":197,"column":null}},"36":{"start":{"line":200,"column":18},"end":{"line":200,"column":null}},"37":{"start":{"line":201,"column":6},"end":{"line":207,"column":null}},"38":{"start":{"line":202,"column":8},"end":{"line":206,"column":null}},"39":{"start":{"line":209,"column":6},"end":{"line":213,"column":null}},"40":{"start":{"line":225,"column":4},"end":{"line":238,"column":null}},"41":{"start":{"line":226,"column":21},"end":{"line":229,"column":null}},"42":{"start":{"line":231,"column":6},"end":{"line":231,"column":null}},"43":{"start":{"line":233,"column":6},"end":{"line":237,"column":null}},"44":{"start":{"line":248,"column":4},"end":{"line":257,"column":null}},"45":{"start":{"line":270,"column":2},"end":{"line":270,"column":null}}},"fnMap":{"0":{"name":"(anonymous_0)","decl":{"start":{"line":34,"column":2},"end":{"line":34,"column":22}},"loc":{"start":{"line":34,"column":64},"end":{"line":34,"column":null}},"line":34},"1":{"name":"(anonymous_1)","decl":{"start":{"line":43,"column":8},"end":{"line":43,"column":null}},"loc":{"start":{"line":46,"column":43},"end":{"line":91,"column":null}},"line":46},"2":{"name":"(anonymous_2)","decl":{"start":{"line":99,"column":8},"end":{"line":99,"column":16}},"loc":{"start":{"line":99,"column":55},"end":{"line":119,"column":null}},"line":99},"3":{"name":"(anonymous_3)","decl":{"start":{"line":128,"column":8},"end":{"line":128,"column":15}},"loc":{"start":{"line":128,"column":61},"end":{"line":165,"column":null}},"line":128},"4":{"name":"(anonymous_4)","decl":{"start":{"line":175,"column":8},"end":{"line":175,"column":15}},"loc":{"start":{"line":175,"column":80},"end":{"line":215,"column":null}},"line":175},"5":{"name":"(anonymous_5)","decl":{"start":{"line":224,"column":8},"end":{"line":224,"column":15}},"loc":{"start":{"line":224,"column":45},"end":{"line":239,"column":null}},"line":224},"6":{"name":"(anonymous_6)","decl":{"start":{"line":247,"column":10},"end":{"line":247,"column":16}},"loc":{"start":{"line":247,"column":68},"end":{"line":258,"column":null}},"line":247},"7":{"name":"createDeviceService","decl":{"start":{"line":267,"column":16},"end":{"line":267,"column":null}},"loc":{"start":{"line":269,"column":17},"end":{"line":271,"column":null}},"line":269}},"branchMap":{"0":{"loc":{"start":{"line":45,"column":4},"end":{"line":45,"column":null}},"type":"default-arg","locations":[{"start":{"line":45,"column":31},"end":{"line":45,"column":null}}],"line":45},"1":{"loc":{"start":{"line":47,"column":27},"end":{"line":47,"column":58}},"type":"binary-expr","locations":[{"start":{"line":47,"column":27},"end":{"line":47,"column":43}},{"start":{"line":47,"column":43},"end":{"line":47,"column":58}}],"line":47},"2":{"loc":{"start":{"line":52,"column":26},"end":{"line":57,"column":null}},"type":"cond-expr","locations":[{"start":{"line":52,"column":26},"end":{"line":56,"column":null}},{"start":{"line":56,"column":10},"end":{"line":57,"column":null}}],"line":52},"3":{"loc":{"start":{"line":71,"column":20},"end":{"line":71,"column":null}},"type":"cond-expr","locations":[{"start":{"line":71,"column":30},"end":{"line":71,"column":56}},{"start":{"line":71,"column":56},"end":{"line":71,"column":null}}],"line":71},"4":{"loc":{"start":{"line":74,"column":25},"end":{"line":74,"column":null}},"type":"cond-expr","locations":[{"start":{"line":74,"column":55},"end":{"line":74,"column":85}},{"start":{"line":74,"column":85},"end":{"line":74,"column":null}}],"line":74},"5":{"loc":{"start":{"line":74,"column":25},"end":{"line":74,"column":55}},"type":"binary-expr","locations":[{"start":{"line":74,"column":25},"end":{"line":74,"column":36}},{"start":{"line":74,"column":36},"end":{"line":74,"column":55}}],"line":74},"6":{"loc":{"start":{"line":107,"column":6},"end":{"line":109,"column":null}},"type":"if","locations":[{"start":{"line":107,"column":6},"end":{"line":109,"column":null}},{"start":{},"end":{}}],"line":107},"7":{"loc":{"start":{"line":139,"column":23},"end":{"line":139,"column":null}},"type":"binary-expr","locations":[{"start":{"line":139,"column":23},"end":{"line":139,"column":44}},{"start":{"line":139,"column":44},"end":{"line":139,"column":null}}],"line":139},"8":{"loc":{"start":{"line":140,"column":17},"end":{"line":140,"column":null}},"type":"binary-expr","locations":[{"start":{"line":140,"column":17},"end":{"line":140,"column":32}},{"start":{"line":140,"column":32},"end":{"line":140,"column":null}}],"line":140},"9":{"loc":{"start":{"line":141,"column":19},"end":{"line":141,"column":null}},"type":"binary-expr","locations":[{"start":{"line":141,"column":19},"end":{"line":141,"column":36}},{"start":{"line":141,"column":36},"end":{"line":141,"column":null}}],"line":141},"10":{"loc":{"start":{"line":151,"column":6},"end":{"line":157,"column":null}},"type":"if","locations":[{"start":{"line":151,"column":6},"end":{"line":157,"column":null}},{"start":{},"end":{}}],"line":151},"11":{"loc":{"start":{"line":151,"column":10},"end":{"line":151,"column":86}},"type":"binary-expr","locations":[{"start":{"line":151,"column":10},"end":{"line":151,"column":53}},{"start":{"line":151,"column":53},"end":{"line":151,"column":86}}],"line":151},"12":{"loc":{"start":{"line":178,"column":4},"end":{"line":180,"column":null}},"type":"if","locations":[{"start":{"line":178,"column":4},"end":{"line":180,"column":null}},{"start":{},"end":{}}],"line":178},"13":{"loc":{"start":{"line":188,"column":14},"end":{"line":188,"column":null}},"type":"binary-expr","locations":[{"start":{"line":188,"column":14},"end":{"line":188,"column":42}},{"start":{"line":188,"column":42},"end":{"line":188,"column":null}}],"line":188},"14":{"loc":{"start":{"line":189,"column":14},"end":{"line":189,"column":null}},"type":"binary-expr","locations":[{"start":{"line":189,"column":14},"end":{"line":189,"column":49}},{"start":{"line":189,"column":49},"end":{"line":189,"column":null}}],"line":189},"15":{"loc":{"start":{"line":190,"column":14},"end":{"line":190,"column":null}},"type":"binary-expr","locations":[{"start":{"line":190,"column":14},"end":{"line":190,"column":43}},{"start":{"line":190,"column":43},"end":{"line":190,"column":null}}],"line":190},"16":{"loc":{"start":{"line":191,"column":14},"end":{"line":191,"column":null}},"type":"binary-expr","locations":[{"start":{"line":191,"column":14},"end":{"line":191,"column":45}},{"start":{"line":191,"column":45},"end":{"line":191,"column":null}}],"line":191},"17":{"loc":{"start":{"line":201,"column":6},"end":{"line":207,"column":null}},"type":"if","locations":[{"start":{"line":201,"column":6},"end":{"line":207,"column":null}},{"start":{},"end":{}}],"line":201},"18":{"loc":{"start":{"line":201,"column":10},"end":{"line":201,"column":86}},"type":"binary-expr","locations":[{"start":{"line":201,"column":10},"end":{"line":201,"column":53}},{"start":{"line":201,"column":53},"end":{"line":201,"column":86}}],"line":201}},"s":{"0":3,"1":3,"2":5,"3":0,"4":0,"5":0,"6":0,"7":0,"8":0,"9":0,"10":0,"11":0,"12":0,"13":0,"14":0,"15":0,"16":0,"17":0,"18":0,"19":0,"20":4,"21":4,"22":4,"23":4,"24":4,"25":0,"26":0,"27":0,"28":0,"29":0,"30":0,"31":0,"32":0,"33":0,"34":0,"35":0,"36":0,"37":0,"38":0,"39":0,"40":0,"41":0,"42":0,"43":0,"44":4,"45":5},"f":{"0":5,"1":0,"2":0,"3":4,"4":0,"5":0,"6":4,"7":5},"b":{"0":[0],"1":[0,0],"2":[0,0],"3":[0,0],"4":[0,0],"5":[0,0],"6":[0,0],"7":[4,2],"8":[4,4],"9":[4,4],"10":[0,0],"11":[0,0],"12":[0,0],"13":[0,0],"14":[0,0],"15":[0,0],"16":[0,0],"17":[0,0],"18":[0,0]},"meta":{"lastBranch":19,"lastFunction":8,"lastStatement":46,"seen":{"s:22:22:22:Infinity":0,"s:27:18:27:Infinity":1,"f:34:2:34:22":0,"s:34:22:34:64":2,"f:43:8:43:Infinity":1,"b:45:31:45:Infinity":0,"s:47:18:47:Infinity":3,"b:47:27:47:43:47:43:47:58":1,"s:48:19:48:Infinity":4,"s:50:4:90:Infinity":5,"s:52:26:57:Infinity":6,"b:52:26:56:Infinity:56:10:57:Infinity":2,"s:60:20:65:Infinity":7,"s:67:22:67:Infinity":8,"s:70:22:70:Infinity":9,"s:71:20:71:Infinity":10,"b:71:30:71:56:71:56:71:Infinity":3,"s:74:25:74:Infinity":11,"b:74:55:74:85:74:85:74:Infinity":4,"b:74:25:74:36:74:36:74:55":5,"s:76:6:83:Infinity":12,"s:85:6:89:Infinity":13,"f:99:8:99:16":2,"s:100:4:118:Infinity":14,"s:101:22:105:Infinity":15,"b:107:6:109:Infinity:undefined:undefined:undefined:undefined":6,"s:107:6:109:Infinity":16,"s:108:8:108:Infinity":17,"s:111:6:111:Infinity":18,"s:113:6:117:Infinity":19,"f:128:8:128:15":3,"s:129:10:129:Infinity":20,"s:130:16:130:Infinity":21,"s:132:4:164:Infinity":22,"s:133:23:145:Infinity":23,"b:139:23:139:44:139:44:139:Infinity":7,"b:140:17:140:32:140:32:140:Infinity":8,"b:141:19:141:36:141:36:141:Infinity":9,"s:147:6:147:Infinity":24,"s:150:18:150:Infinity":25,"b:151:6:157:Infinity:undefined:undefined:undefined:undefined":10,"s:151:6:157:Infinity":26,"b:151:10:151:53:151:53:151:86":11,"s:152:8:156:Infinity":27,"s:159:6:163:Infinity":28,"f:175:8:175:15":4,"s:177:21:177:Infinity":29,"b:178:4:180:Infinity:undefined:undefined:undefined:undefined":12,"s:178:4:180:Infinity":30,"s:179:6:179:Infinity
[...]
,"/mnt/c/Users/paytonz.FUTUREHOME/Nextcloud/Dev/GitHub/opentakeoff/apps/backend/src/utils/geometry.ts": {"path":"/mnt/c/Users/paytonz.FUTUREHOME/Nextcloud/Dev/GitHub/opentakeoff/apps/backend/src/utils/geometry.ts","statementMap":{"0":{"start":{"line":47,"column":2},"end":{"line":51,"column":null}},"1":{"start":{"line":62,"column":2},"end":{"line":64,"column":null}},"2":{"start":{"line":63,"column":4},"end":{"line":63,"column":null}},"3":{"start":{"line":66,"column":13},"end":{"line":66,"column":null}},"4":{"start":{"line":67,"column":13},"end":{"line":67,"column":null}},"5":{"start":{"line":68,"column":13},"end":{"line":68,"column":null}},"6":{"start":{"line":69,"column":13},"end":{"line":69,"column":null}},"7":{"start":{"line":71,"column":2},"end":{"line":76,"column":null}},"8":{"start":{"line":72,"column":4},"end":{"line":72,"column":null}},"9":{"start":{"line":73,"column":4},"end":{"line":73,"column":null}},"10":{"start":{"line":74,"column":4},"end":{"line":74,"column":null}},"11":{"start":{"line":75,"column":4},"end":{"line":75,"column":null}},"12":{"start":{"line":78,"column":2},"end":{"line":78,"column":null}},"13":{"start":{"line":89,"column":2},"end":{"line":89,"column":null}},"14":{"start":{"line":101,"column":2},"end":{"line":103,"column":null}},"15":{"start":{"line":102,"column":4},"end":{"line":102,"column":null}},"16":{"start":{"line":106,"column":14},"end":{"line":106,"column":null}},"17":{"start":{"line":107,"column":2},"end":{"line":109,"column":null}},"18":{"start":{"line":108,"column":4},"end":{"line":108,"column":null}},"19":{"start":{"line":112,"column":44},"end":{"line":112,"column":null}},"20":{"start":{"line":112,"column":64},"end":{"line":112,"column":74}},"21":{"start":{"line":115,"column":2},"end":{"line":115,"column":null}},"22":{"start":{"line":127,"column":2},"end":{"line":132,"column":null}},"23":{"start":{"line":128,"column":4},"end":{"line":130,"column":null}},"24":{"start":{"line":129,"column":6},"end":{"line":129,"column":null}},"25":{"start":{"line":131,"column":4},"end":{"line":131,"column":null}},"26":{"start":{"line":134,"column":2},"end":{"line":139,"column":null}},"27":{"start":{"line":135,"column":4},"end":{"line":137,"column":null}},"28":{"start":{"line":136,"column":6},"end":{"line":136,"column":null}},"29":{"start":{"line":138,"column":4},"end":{"line":138,"column":null}},"30":{"start":{"line":141,"column":2},"end":{"line":141,"column":null}},"31":{"start":{"line":156,"column":25},"end":{"line":156,"column":null}},"32":{"start":{"line":157,"column":2},"end":{"line":160,"column":null}},"33":{"start":{"line":158,"column":16},"end":{"line":158,"column":null}},"34":{"start":{"line":159,"column":4},"end":{"line":159,"column":null}},"35":{"start":{"line":162,"column":2},"end":{"line":167,"column":null}},"36":{"start":{"line":163,"column":4},"end":{"line":166,"column":null}},"37":{"start":{"line":169,"column":2},"end":{"line":174,"column":null}},"38":{"start":{"line":170,"column":4},"end":{"line":173,"column":null}},"39":{"start":{"line":177,"column":15},"end":{"line":177,"column":null}},"40":{"start":{"line":178,"column":2},"end":{"line":184,"column":null}},"41":{"start":{"line":180,"column":4},"end":{"line":183,"column":null}},"42":{"start":{"line":186,"column":2},"end":{"line":186,"column":null}},"43":{"start":{"line":196,"column":2},"end":{"line":198,"column":null}},"44":{"start":{"line":197,"column":4},"end":{"line":197,"column":null}},"45":{"start":{"line":200,"column":13},"end":{"line":200,"column":null}},"46":{"start":{"line":201,"column":2},"end":{"line":205,"column":null}},"47":{"start":{"line":201,"column":15},"end":{"line":201,"column":18}},"48":{"start":{"line":202,"column":20},"end":{"line":202,"column":null}},"49":{"start":{"line":203,"column":17},"end":{"line":203,"column":null}},"50":{"start":{"line":204,"column":4},"end":{"line":204,"column":null}},"51":{"start":{"line":207,"column":2},"end":{"line":207,"column":null}},"52":{"start":{"line":218,"column":2},"end":{"line":220,"column":null}},"53":{"start":{"line":219,"column":4},"end":{"line":219,"column":null}},"54":{"start":{"line":222,"column":16},"end":{"line":222,"column":null}},"55":{"start":{"line":223,"column":15},"end":{"line":223,"column":null}},"56":{"start":{"line":226,"column":20},"end":{"line":226,"column":null}},"57":{"start":{"line":227,"column":2},"end":{"line":229,"column":null}},"58":{"start":{"line":228,"column":4},"end":{"line":228,"column":null}},"59":{"start":{"line":231,"column":2},"end":{"line":231,"column":null}},"60":{"start":{"line":244,"column":2},"end":{"line":249,"column":null}},"61":{"start":{"line":245,"column":4},"end":{"line":248,"column":null}},"62":{"start":{"line":251,"column":2},"end":{"line":256,"column":null}},"63":{"start":{"line":252,"column":4},"end":{"line":255,"column":null}},"64":{"start":{"line":258,"column":2},"end":{"line":258,"column":null}}},"fnMap":{"0":{"name":"pointInRectangle","decl":{"start":{"line":46,"column":16},"end":{"line":46,"column":33}},"loc":{"start":{"line":46,"column":81},"end":{"line":53,"column":null}},"line":46},"1":{"name":"calculateBoundingBox","decl":{"start":{"line":61,"column":16},"end":{"line":61,"column":37}},"loc":{"start":{"line":61,"column":70},"end":{"line":79,"column":null}},"line":61},"2":{"name":"pointInBoundingBox","decl":{"start":{"line":88,"column":16},"end":{"line":88,"column":35}},"loc":{"start":{"line":88,"column":76},"end":{"line":90,"column":null}},"line":88},"3":{"name":"pointInPolygonCheck","decl":{"start":{"line":100,"column":16},"end":{"line":100,"column":36}},"loc":{"start":{"line":100,"column":79},"end":{"line":116,"column":null}},"line":100},"4":{"name":"(anonymous_4)","decl":{"start":{"line":112,"column":57},"end":{"line":112,"column":58}},"loc":{"start":{"line":112,"column":64},"end":{"line":112,"column":74}},"line":112},"5":{"name":"classifyPoint","decl":{"start":{"line":126,"column":16},"end":{"line":126,"column":30}},"loc":{"start":{"line":126,"column":81},"end":{"line":142,"column":null}},"line":126},"6":{"name":"validatePolygonVertices","decl":{"start":{"line":151,"column":16},"end":{"line":151,"column":40}},"loc":{"start":{"line":154,"column":2},"end":{"line":187,"column":null}},"line":154},"7":{"name":"calculatePolygonArea","decl":{"start":{"line":195,"column":16},"end":{"line":195,"column":37}},"loc":{"start":{"line":195,"column":65},"end":{"line":208,"column":null}},"line":195},"8":{"name":"autoClosePolygon","decl":{"start":{"line":217,"column":16},"end":{"line":217,"column":33}},"loc":{"start":{"line":217,"column":63},"end":{"line":232,"column":null}},"line":217},"9":{"name":"validateRectangleBounds","decl":{"start":{"line":240,"column":16},"end":{"line":240,"column":40}},"loc":{"start":{"line":243,"column":2},"end":{"line":259,"column":null}},"line":243}},"branchMap":{"0":{"loc":{"start":{"line":48,"column":4},"end":{"line":51,"column":null}},"type":"binary-expr","locations":[{"start":{"line":48,"column":4},"end":{"line":48,"column":null}},{"start":{"line":49,"column":4},"end":{"line":49,"column":null}},{"start":{"line":50,"column":4},"end":{"line":50,"column":null}},{"start":{"line":51,"column":4},"end":{"line":51,"column":null}}],"line":48},"1":{"loc":{"start":{"line":62,"column":2},"end":{"line":64,"column":null}},"type":"if","locations":[{"start":{"line":62,"column":2},"end":{"line":64,"column":null}},{"start":{},"end":{}}],"line":62},"2":{"loc":{"start":{"line":89,"column":9},"end":{"line":89,"column":null}},"type":"binary-expr","locations":[{"start":{"line":89,"column":9},"end":{"line":89,"column":32}},{"start":{"line":89,"column":32},"end":{"line":89,"column":55}},{"start":{"line":89,"column":55},"end":{"line":89,"column":78}},{"start":{"line":89,"column":78},"end":{"line":89,"column":null}}],"line":89},"3":{"loc":{"start":{"line":101,"column":2},"end":{"line":103,"column":null}},"type":"if","locations":[{"start":{"line":101,"column":2},"end":{"line":103,"column":null}},{"start":{},"end":{}}],"line":101},"4":{"loc":{"start":{"line":107,"column":2},"end":{"line":109,"column":null}},"type":"if","locations":[{"start":{"line":107,"column":2},"end":{"line":109,"column":null}},{"start":{},"end":{}}],"line":107},"5":{"loc":{"start":{"line":127,"column":2},"end":{"line":132,"column":null}},"type":"if","locations":[{"start":{"line":127,"column":2},"end":{"line":132,"column":null}},{"start":{},"end":{}}],"line":127},"6":{"loc":{"start":{"line":128,"column":4},"end":{"line":130,"column":null}},"type":"if","locations":[{"start":{"line":128,"column":4},"end":{"line":130,"column":null}},{"start":{},"end":{}}],"line":128},"7":{"loc":{"start":{"line":134,"column":2},"end":{"line":139,"column":null}},"type":"if","locations":[{"start":{"line":134,"column":2},"end":{"line":139,"column":null}},{"start":{},"end":{}}],"line":134},"8":{"loc":{"start":{"line":135,"column":4},"end":{"line":137,"column":null}},"type":"if","locations":[{"start":{"line":135,"column":4},"end":{"line":137,"column":null}},{"start":{},"end":{}}],"line":135},"9":{"loc":{"start":{"line":135,"column":8},"end":{"line":135,"column":62}},"type":"binary-expr","locations":[{"start":{"line":135,"column":8},"end":{"line":135,"column":30}},{"start":{"line":135,"column":30},"end":{"line":135,"column":62}}],"line":135},"10":{"loc":{"start":{"line":162,"column":2},"end":{"line":167,"column":null}},"type":"if","locations":[{"start":{"line":162,"column":2},"end":{"line":167,"column":null}},{"start":{},"end":{}}],"line":162},"11":{"loc":{"start":{"line":169,"column":2},"end":{"line":174,"column":null}},"type":"if","locations":[{"start":{"line":169,"column":2},"end":{"line":174,"column":null}},{"start":{},"end":{}}],"line":169},"12":{"loc":{"start":{"line":178,"column":2},"end":{"line":184,"column":null}},"type":"if","locations":[{"start":{"line":178,"column":2},"end":{"line":184,"column":null}},{"start":{},"end":{}}],"line":178},"13":{"loc":{"start":{"line":196,"column":2},"end":{"line":198,"column":null}},"type":"if","locations":[{"start":{"line":196,"column":2},"end":{"line":198,"column":null}},{"start":{},"end":{}}],"line":196},"14":{"loc":{"start":{"line":218,"column":2},"end":{"line":220,"column":null}},"type":"if","locations":[{"start":{"line":218,"column":2},"end":{"line":220,"column":null}},{"start":{},"end":{}}],"line":218},"15":{"loc":{"start":{"line":227,"column":2},"end":{"line":229,"column":null}},"type":"if","locations":[{"start":{"line":227,"column":2},"end":{"line":229,"column":null}},{"start":{},"end":{}}],"line":227},"16":{"loc":{"start":{"line":227,"column":6},"end":{"line":227,"column":88}},"type":"binary-expr","locations":[{"start":{"line":227,"column":6},"end":{"line":227,"column":48}},{"start":{"line":227,"column":48},"end":{"line":227,"column":88}}],"line":227},"17":{"loc":{"start":{"line":244,"column":2},"end":{"line":249,"column":null}},"type":"if","locations":[{"start":{"line":244,"column":2},"end":{"line":249,"column":null}},{"start":{},"end":{}}],"line":244},"18":{"loc":{"start":{"line":244,"column":6},"end":{"line":244,"column":47}},"type":"binary-expr","locations":[{"start":{"line":244,"column":6},"end":{"line":244,"column":27}},{"start":{"line":244,"column":27},"end":{"line":244,"column":47}}],"line":244},"19":{"loc":{"start":{"line":251,"column":2},"end":{"line":256,"column":null}},"type":"if","locations":[{"start":{"line":251,"column":2},"end":{"line":256,"column":null}},{"start":{},"end":{}}],"line":251}},"s":{"0":5,"1":11,"2":1,"3":10,"4":10,"5":10,"6":10,"7":10,"8":46,"9":46,"10":46,"11":46,"12":10,"13":12,"14":10,"15":1,"16":9,"17":9,"18":2,"19":7,"20":35,"21":7,"22":4,"23":2,"24":1,"25":1,"26":2,"27":2,"28":1,"29":1,"30":0,"31":11,"32":11,"33":34,"34":34,"35":11,"36":3,"37":8,"38":0,"39":8,"40":8,"41":1,"42":7,"43":11,"44":1,"45":10,"46":10,"47":10,"48":34,"49":34,"50":34,"51":10,"52":10,"53":1,"54":9,"55":9,"56":9,"57":9,"58":3,"59":6,"60":12,"61":2,"62":10,"63":2,"64":8},"f":{"0":5,"1":11,"2":12,"3":10,"4":35,"5":4,"6":11,"7":11,"8":10,"9":12},"b":{"0":[5,5,4,4],"1":[1,10],"2":[12,12,10,10],"3":[1,9],"4":[2,7],"5":[2,2],"6":[1,1],"7":[2,0],"8":[1,1],"9":[2,2],"10":[3,8],"11":[0,8],"12":[1,7],"13":[1,10],"14":[1,9],"15":[3,6],"16":[9,5],"17":[2,10],"18":[12,11],"19":[2,8]},"meta":{"lastBranch":20,"lastFunction":10,"lastStatement":65,"seen":{"f:46:16:46:33":0,"s:47:2:51:Infinity":0,"b:48:4:48:Infinity:49:4:49:Infinity:50:4:50:Infinity:51:4:51:Infinity":0,"f:61:16:61:37":1,"b:62:2:64:Infinity:undefined:undefined:undefined:undefined":1,"s:62:2:64:Infinity":1,"s:63:4:63:Infinity":2,"s:66:13:66:Infinity":3,"s:67:13:67:Infinity":4,"s:68:13:68:Infinity":5,"s:69:13:69:Infinity":6,"s:71:2:76:Infinity":7,"s:72:4:72:Infinity":8,"s:73:4:73:Infinity":9,"s:74:4:74:Infinity":10,"s:75:4:75:Infinity":11,"s:78:2:78:Infinity":12,"f:88:16:88:35":2,"s:89:2:89:Infinity":13,"b:89:9:89:32:89:32:89:55:89:55:89:78:89:78:89:Infinity":2,"f:100:16:100:36":3,"b:101:2:103:Infinity:undefined:undefined:undefined:undefined":3,"s:101:2:103:Infinity":14,"s:102:4:102:Infinity":15,"s:106:14:106:Infinity":16,"b:107:2:109:Infinity:undefined:undefined:undefined:undefined":4,"s:107:2:109:Infinity":17,"s:108:4:108:Infinity":18,"s:112:44:112:Infinity":19,"f:112:57:112:58":4,"s:112:64:112:74":20,"s:115:2:115:Infinity":21,"f:126:16:126:30":5,"b:127:2:132:Infinity:undefined:undefined:undefined:undefined":5,"s:127:2:132:Infinity":22,"b:128:4:130:Infinity:undefined:undefined:undefined:undefined":6,"s:128:4:130:Infinity":23,"s:129:6:129:Infinity":24,"s:131:4:131:Infinity":25,"b:134:2:139:Infinity:undefined:undefined:undefined:undefined":7,"s:134:2:139:Infinity":26,"b:135:4:137:Infinity:undefined:undefined:undefined:undefined":8,"s:135:4:137:Infinity":27,"b:135:8:135:30:135:30:135:62":9,"s:136:6:136:Infinity":28,"s:138:4:138:Infinity":29,"s:141:2:141:Infinity":30,"f:151:16:151:40":6,"s:156:25:156:Infinity":31,"s:157:2:160:Infinity":32,"s:158:16:158:Infinity":33,"s:159:4:159:Infinity":34,"b:162:2:167:Infinity:undefined:undefined:undefined:undefined":10,"s:162:2:167:Infinity":35,"s:163:4:166:Infinity":36,"b:169:2:174:Infinity:undefined:undefined:undefined:undefined":11,"s:169:2:174:Infinity":37,"s:170:4:173:Infinity":38,"s:177:15:177:Infinity":39,"b:178:2:184:Infinity:undefined:undefined:undefined:undefined":12,"s:178:2:184:Infinity":40,"s:180:4:183:Infinity":41,"s:186:2:186:Infinity":42,"f:195:16:195:37":7,"b:196:2:198:Infinity:undefined:undefined:undefined:undefined":13,"s:196:2:198:Infinity":43,"s:197:4:197:Infinity":44,"s:200:13:200:Infinity":45,"s:201:2:205:Infinity":46,"s:201:15:201:18":47,"s:202:20:202:Infinity":48,"s:203:17:203:Infinity":49,"s:204:4:204:Infinity":50,"s:207:2:207:Infinity":51,"f:217:16:217:33":8,"b:218:2:220:Infinity:undefined:undefined:undefined:undefined":14,"s:218:2:220:Infinity":52,"s:219:4:219:Infinity":53,"s:222:16:222:Infinity":54,"s:223:15:223:Infinity":55,"s:226:20:226:Infinity":56,"b:227:2:229:Infinity:undefined:undefined:undefined:undefined":15,"s:227:2:229:Infinity":57,"b:227:6:227:48:227:48:227:88":16,"s:228:4:228:Infinity":58,"s:231:2:231:Infinity":59,"f:240:16:240:40":9,"b:244:2:249:Infinity:undefined:undefined:undefined:undefined":17,"s:244:2:249:Infinity":60,"b:244:6:244:27:244:27:244:47":18,"s:245:4:248:Infinity":61,"b:251:2:256:Infinity:undefined:undefined:undefined:undefined":19,"s:251:2:256:Infinity":62,"s:252:4:255:Infinity":63,"s:258:2:258:Infinity":64}}}
,"/mnt/c/Users/paytonz.FUTUREHOME/Nextcloud/Dev/GitHub/opentakeoff/apps/backend/src/utils/pagination.ts": {"path":"/mnt/c/Users/paytonz.FUTUREHOME/Nextcloud/Dev/GitHub/opentakeoff/apps/backend/src/utils/pagination.ts","statementMap":{"0":{"start":{"line":23,"column":2},"end":{"line":25,"column":null}},"1":{"start":{"line":24,"column":4},"end":{"line":24,"column":null}},"2":{"start":{"line":28,"column":22},"end":{"line":28,"column":null}},"3":{"start":{"line":31,"column":2},"end":{"line":35,"column":null}},"4":{"start":{"line":32,"column":4},"end":{"line":34,"column":null}},"5":{"start":{"line":33,"column":6},"end":{"line":33,"column":null}},"6":{"start":{"line":38,"column":2},"end":{"line":38,"column":null}},"7":{"start":{"line":40,"column":22},"end":{"line":40,"column":null}},"8":{"start":{"line":41,"column":14},"end":{"line":41,"column":null}},"9":{"start":{"line":43,"column":2},"end":{"line":43,"column":null}},"10":{"start":{"line":55,"column":62},"end":{"line":55,"column":null}},"11":{"start":{"line":57,"column":2},"end":{"line":63,"column":null}},"12":{"start":{"line":58,"column":4},"end":{"line":62,"column":null}},"13":{"start":{"line":59,"column":6},"end":{"line":61,"column":null}},"14":{"start":{"line":60,"column":8},"end":{"line":60,"column":null}},"15":{"start":{"line":65,"column":2},"end":{"line":65,"column":null}}},"fnMap":{"0":{"name":"buildLinkHeader","decl":{"start":{"line":18,"column":16},"end":{"line":18,"column":null}},"loc":{"start":{"line":22,"column":17},"end":{"line":44,"column":null}},"line":22},"1":{"name":"extractQueryParams","decl":{"start":{"line":52,"column":16},"end":{"line":52,"column":null}},"loc":{"start":{"line":54,"column":47},"end":{"line":66,"column":null}},"line":54}},"branchMap":{"0":{"loc":{"start":{"line":23,"column":2},"end":{"line":25,"column":null}},"type":"if","locations":[{"start":{"line":23,"column":2},"end":{"line":25,"column":null}},{"start":{},"end":{}}],"line":23},"1":{"loc":{"start":{"line":32,"column":4},"end":{"line":34,"column":null}},"type":"if","locations":[{"start":{"line":32,"column":4},"end":{"line":34,"column":null}},{"start":{},"end":{}}],"line":32},"2":{"loc":{"start":{"line":32,"column":8},"end":{"line":32,"column":49}},"type":"binary-expr","locations":[{"start":{"line":32,"column":8},"end":{"line":32,"column":28}},{"start":{"line":32,"column":28},"end":{"line":32,"column":49}}],"line":32},"3":{"loc":{"start":{"line":41,"column":14},"end":{"line":41,"column":null}},"type":"cond-expr","locations":[{"start":{"line":41,"column":28},"end":{"line":41,"column":58}},{"start":{"line":41,"column":58},"end":{"line":41,"column":null}}],"line":41},"4":{"loc":{"start":{"line":58,"column":4},"end":{"line":62,"column":null}},"type":"if","locations":[{"start":{"line":58,"column":4},"end":{"line":62,"column":null}},{"start":{},"end":{}}],"line":58},"5":{"loc":{"start":{"line":58,"column":8},"end":{"line":58,"column":47}},"type":"binary-expr","locations":[{"start":{"line":58,"column":8},"end":{"line":58,"column":31}},{"start":{"line":58,"column":31},"end":{"line":58,"column":47}}],"line":58},"6":{"loc":{"start":{"line":59,"column":6},"end":{"line":61,"column":null}},"type":"if","locations":[{"start":{"line":59,"column":6},"end":{"line":61,"column":null}},{"start":{},"end":{}}],"line":59},"7":{"loc":{"start":{"line":59,"column":10},"end":{"line":59,"column":66}},"type":"binary-expr","locations":[{"start":{"line":59,"column":10},"end":{"line":59,"column":39}},{"start":{"line":59,"column":39},"end":{"line":59,"column":66}}],"line":59}},"s":{"0":17,"1":10,"2":7,"3":7,"4":9,"5":7,"6":7,"7":7,"8":7,"9":17,"10":17,"11":17,"12":11,"13":11,"14":11,"15":17},"f":{"0":17,"1":17},"b":{"0":[10,7],"1":[7,2],"2":[9,7],"3":[7,0],"4":[11,0],"5":[11,11],"6":[11,0],"7":[11,9]},"meta":{"lastBranch":8,"lastFunction":2,"lastStatement":16,"seen":{"f:18:16:18:Infinity":0,"b:23:2:25:Infinity:undefined:undefined:undefined:undefined":0,"s:23:2:25:Infinity":0,"s:24:4:24:Infinity":1,"s:28:22:28:Infinity":2,"s:31:2:35:Infinity":3,"b:32:4:34:Infinity:undefined:undefined:undefined:undefined":1,"s:32:4:34:Infinity":4,"b:32:8:32:28:32:28:32:49":2,"s:33:6:33:Infinity":5,"s:38:2:38:Infinity":6,"s:40:22:40:Infinity":7,"s:41:14:41:Infinity":8,"b:41:28:41:58:41:58:41:Infinity":3,"s:43:2:43:Infinity":9,"f:52:16:52:Infinity":1,"s:55:62:55:Infinity":10,"s:57:2:63:Infinity":11,"b:58:4:62:Infinity:undefined:undefined:undefined:undefined":4,"s:58:4:62:Infinity":12,"b:58:8:58:31:58:31:58:47":5,"b:59:6:61:Infinity:undefined:undefined:undefined:undefined":6,"s:59:6:61:Infinity":13,"b:59:10:59:39:59:39:59:66":7,"s:60:8:60:Infinity":14,"s:65:2:65:Infinity":15}}}
}
