TN:
SF:src/config.ts
FN:37,(anonymous_0)
FN:45,(anonymous_1)
FN:59,(anonymous_2)
FN:72,parseConfig
FNF:4
FNH:4
FNDA:12,(anonymous_0)
FNDA:12,(anonymous_1)
FNDA:12,(anonymous_2)
FNDA:12,parseConfig
DA:11,12
DA:16,12
DA:37,12
DA:45,12
DA:59,12
DA:73,12
DA:75,12
DA:76,5
DA:77,5
DA:78,5
DA:81,7
DA:88,12
DA:93,12
DA:98,12
DA:103,12
DA:108,12
DA:109,4
DA:110,4
LF:18
LH:18
BRDA:45,0,0,12
BRDA:45,0,1,0
BRDA:75,1,0,5
BRDA:75,1,1,7
BRDA:108,2,0,4
BRDA:108,2,1,8
BRDA:113,3,0,2
BRDA:113,3,1,2
BRF:8
BRH:7
end_of_record
TN:
SF:src/db/schema.ts
FN:30,(anonymous_0)
FN:43,(anonymous_1)
FN:58,(anonymous_2)
FN:67,(anonymous_3)
FN:81,(anonymous_4)
FN:93,(anonymous_5)
FN:107,(anonymous_6)
FN:113,(anonymous_7)
FN:130,(anonymous_8)
FN:133,(anonymous_9)
FN:135,(anonymous_10)
FN:142,(anonymous_11)
FN:163,(anonymous_12)
FN:170,(anonymous_13)
FN:184,(anonymous_14)
FN:191,(anonymous_15)
FN:208,(anonymous_16)
FN:217,(anonymous_17)
FN:233,(anonymous_18)
FN:236,(anonymous_19)
FN:239,(anonymous_20)
FN:243,(anonymous_21)
FNF:22
FNH:9
FNDA:0,(anonymous_0)
FNDA:53,(anonymous_1)
FNDA:0,(anonymous_2)
FNDA:53,(anonymous_3)
FNDA:0,(anonymous_4)
FNDA:53,(anonymous_5)
FNDA:0,(anonymous_6)
FNDA:53,(anonymous_7)
FNDA:0,(anonymous_8)
FNDA:0,(anonymous_9)
FNDA:0,(anonymous_10)
FNDA:53,(anonymous_11)
FNDA:0,(anonymous_12)
FNDA:53,(anonymous_13)
FNDA:0,(anonymous_14)
FNDA:53,(anonymous_15)
FNDA:0,(anonymous_16)
FNDA:53,(anonymous_17)
FNDA:0,(anonymous_18)
FNDA:0,(anonymous_19)
FNDA:0,(anonymous_20)
FNDA:53,(anonymous_21)
DA:13,6
DA:25,6
DA:30,0
DA:43,53
DA:53,6
DA:58,0
DA:67,53
DA:76,6
DA:81,0
DA:93,53
DA:102,6
DA:107,0
DA:113,53
DA:125,6
DA:130,0
DA:133,0
DA:135,0
DA:142,53
DA:158,6
DA:163,0
DA:170,53
DA:179,6
DA:184,0
DA:191,53
DA:203,6
DA:208,0
DA:217,53
DA:228,6
DA:233,0
DA:236,0
DA:239,0
DA:243,53
LF:32
LH:19
BRF:0
BRH:0
end_of_record
TN:
SF:src/routes/locations.ts
FN:100,mapServiceErrorToHttpCode
FN:119,locationRoutes
FN:143,(anonymous_2)
FN:188,(anonymous_3)
FN:259,(anonymous_4)
FN:354,(anonymous_5)
FN:459,(anonymous_6)
FN:553,(anonymous_7)
FNF:8
FNH:7
FNDA:0,mapServiceErrorToHttpCode
FNDA:18,locationRoutes
FNDA:2,(anonymous_2)
FNDA:3,(anonymous_3)
FNDA:8,(anonymous_4)
FNDA:6,(anonymous_5)
FNDA:5,(anonymous_6)
FNDA:3,(anonymous_7)
DA:21,1
DA:27,1
DA:35,1
DA:42,1
DA:49,1
DA:101,0
DA:103,0
DA:105,0
DA:107,0
DA:109,0
DA:112,0
DA:126,18
DA:144,2
DA:145,2
DA:148,2
DA:149,2
DA:152,2
DA:154,2
DA:156,0
DA:157,0
DA:158,0
DA:161,0
DA:162,0
DA:170,18
DA:189,3
DA:190,3
DA:193,3
DA:194,3
DA:197,3
DA:199,3
DA:200,2
DA:205,1
DA:207,0
DA:208,0
DA:209,0
DA:212,0
DA:213,0
DA:221,18
DA:263,8
DA:264,8
DA:267,8
DA:268,8
DA:269,1
DA:275,7
DA:278,7
DA:279,7
DA:280,1
DA:286,6
DA:287,6
DA:290,6
DA:297,6
DA:299,6
DA:301,0
DA:302,0
DA:303,0
DA:306,0
DA:307,0
DA:315,18
DA:358,6
DA:359,6
DA:362,6
DA:363,6
DA:364,0
DA:370,6
DA:373,6
DA:376,6
DA:377,6
DA:378,1
DA:384,5
DA:385,5
DA:388,5
DA:395,5
DA:397,5
DA:399,0
DA:400,0
DA:401,0
DA:404,0
DA:405,0
DA:413,18
DA:463,5
DA:464,5
DA:467,5
DA:468,5
DA:469,0
DA:475,5
DA:478,5
DA:479,1
DA:480,1
DA:481,0
DA:488,5
DA:489,5
DA:490,1
DA:491,1
DA:492,1
DA:493,0
DA:500,5
DA:501,5
DA:504,5
DA:511,5
DA:512,1
DA:517,4
DA:519,4
DA:521,0
DA:522,0
DA:523,0
DA:526,0
DA:527,0
DA:535,18
DA:554,3
DA:555,3
DA:558,3
DA:559,3
DA:562,3
DA:564,3
DA:565,1
DA:570,2
DA:572,2
DA:574,0
DA:575,0
DA:576,0
DA:579,0
DA:580,0
LF:122
LH:82
BRDA:101,0,0,0
BRDA:101,0,1,0
BRDA:101,0,2,0
BRDA:101,0,3,0
BRDA:101,0,4,0
BRDA:101,0,5,0
BRDA:156,1,0,0
BRDA:156,1,1,0
BRDA:199,2,0,2
BRDA:199,2,1,1
BRDA:207,3,0,0
BRDA:207,3,1,0
BRDA:268,4,0,1
BRDA:268,4,1,7
BRDA:279,5,0,1
BRDA:279,5,1,6
BRDA:294,6,0,6
BRDA:294,6,1,1
BRDA:301,7,0,0
BRDA:301,7,1,0
BRDA:363,8,0,0
BRDA:363,8,1,6
BRDA:377,9,0,1
BRDA:377,9,1,5
BRDA:392,10,0,5
BRDA:392,10,1,1
BRDA:399,11,0,0
BRDA:399,11,1,0
BRDA:468,12,0,0
BRDA:468,12,1,5
BRDA:478,13,0,1
BRDA:478,13,1,4
BRDA:478,14,0,5
BRDA:478,14,1,1
BRDA:480,15,0,0
BRDA:480,15,1,1
BRDA:489,16,0,1
BRDA:489,16,1,4
BRDA:492,17,0,0
BRDA:492,17,1,1
BRDA:505,18,0,5
BRDA:505,18,1,4
BRDA:506,19,0,5
BRDA:506,19,1,1
BRDA:507,20,0,5
BRDA:507,20,1,1
BRDA:508,21,0,5
BRDA:508,21,1,1
BRDA:511,22,0,1
BRDA:511,22,1,4
BRDA:521,23,0,0
BRDA:521,23,1,0
BRDA:564,24,0,1
BRDA:564,24,1,2
BRDA:574,25,0,0
BRDA:574,25,1,0
BRF:56
BRH:34
end_of_record
TN:
SF:src/routes/projects.ts
FN:66,mapServiceErrorToHttpCode
FN:85,projectRoutes
FN:157,(anonymous_2)
FN:240,(anonymous_3)
FN:316,(anonymous_4)
FN:398,(anonymous_5)
FN:485,(anonymous_6)
FN:604,(anonymous_7)
FNF:8
FNH:7
FNDA:0,mapServiceErrorToHttpCode
FNDA:35,projectRoutes
FNDA:9,(anonymous_2)
FNDA:39,(anonymous_3)
FNDA:5,(anonymous_4)
FNDA:6,(anonymous_5)
FNDA:4,(anonymous_6)
FNDA:9,(anonymous_7)
DA:23,1
DA:29,1
DA:35,1
DA:67,0
DA:69,0
DA:71,0
DA:73,0
DA:75,0
DA:78,0
DA:92,35
DA:158,9
DA:160,9
DA:161,9
DA:162,0
DA:168,9
DA:171,9
DA:172,9
DA:175,9
DA:178,9
DA:184,9
DA:185,4
DA:188,9
DA:190,0
DA:191,0
DA:192,0
DA:195,0
DA:196,0
DA:204,35
DA:241,39
DA:243,39
DA:244,39
DA:245,0
DA:251,39
DA:254,39
DA:255,39
DA:258,39
DA:263,39
DA:265,39
DA:267,0
DA:268,0
DA:269,0
DA:272,0
DA:273,0
DA:281,35
DA:317,5
DA:318,5
DA:321,5
DA:322,5
DA:325,5
DA:327,5
DA:328,3
DA:333,2
DA:335,0
DA:336,0
DA:337,0
DA:340,0
DA:341,0
DA:349,35
DA:402,6
DA:403,6
DA:406,6
DA:407,6
DA:408,0
DA:414,6
DA:417,6
DA:418,1
DA:424,5
DA:425,5
DA:428,5
DA:433,5
DA:434,1
DA:439,4
DA:441,4
DA:443,0
DA:444,0
DA:445,0
DA:448,0
DA:449,0
DA:457,35
DA:486,4
DA:487,4
DA:490,4
DA:491,4
DA:494,4
DA:496,4
DA:497,1
DA:502,3
DA:504,3
DA:506,0
DA:507,0
DA:508,0
DA:511,0
DA:512,0
DA:520,35
DA:608,9
DA:609,9
DA:612,9
DA:613,9
DA:614,0
DA:620,9
DA:623,9
DA:624,9
DA:625,9
DA:628,9
DA:629,9
DA:630,1
DA:636,8
DA:639,8
DA:645,8
DA:646,3
DA:649,8
DA:651,0
DA:652,0
DA:653,0
DA:656,0
DA:657,0
LF:116
LH:76
BRDA:67,0,0,0
BRDA:67,0,1,0
BRDA:67,0,2,0
BRDA:67,0,3,0
BRDA:67,0,4,0
BRDA:67,0,5,0
BRDA:161,1,0,0
BRDA:161,1,1,9
BRDA:184,2,0,4
BRDA:184,2,1,5
BRDA:190,3,0,0
BRDA:190,3,1,0
BRDA:244,4,0,0
BRDA:244,4,1,39
BRDA:267,5,0,0
BRDA:267,5,1,0
BRDA:327,6,0,3
BRDA:327,6,1,2
BRDA:335,7,0,0
BRDA:335,7,1,0
BRDA:407,8,0,0
BRDA:407,8,1,6
BRDA:417,9,0,1
BRDA:417,9,1,5
BRDA:417,10,0,6
BRDA:417,10,1,4
BRDA:433,11,0,1
BRDA:433,11,1,4
BRDA:443,12,0,0
BRDA:443,12,1,0
BRDA:496,13,0,1
BRDA:496,13,1,3
BRDA:506,14,0,0
BRDA:506,14,1,0
BRDA:613,15,0,0
BRDA:613,15,1,9
BRDA:629,16,0,1
BRDA:629,16,1,8
BRDA:645,17,0,3
BRDA:645,17,1,5
BRDA:651,18,0,0
BRDA:651,18,1,0
BRF:42
BRH:20
end_of_record
TN:
SF:src/services/data/countService.ts
FN:43,(anonymous_0)
FN:52,(anonymous_1)
FN:73,(anonymous_2)
FN:78,(anonymous_3)
FN:101,(anonymous_4)
FN:129,(anonymous_5)
FN:151,(anonymous_6)
FN:201,(anonymous_7)
FN:231,(anonymous_8)
FN:263,(anonymous_9)
FN:300,createCountService
FNF:11
FNH:6
FNDA:4,(anonymous_0)
FNDA:3,(anonymous_1)
FNDA:6,(anonymous_2)
FNDA:6,(anonymous_3)
FNDA:4,(anonymous_4)
FNDA:0,(anonymous_5)
FNDA:0,(anonymous_6)
FNDA:0,(anonymous_7)
FNDA:0,(anonymous_8)
FNDA:0,(anonymous_9)
FNDA:4,createCountService
DA:43,4
DA:53,3
DA:55,3
DA:70,3
DA:73,3
DA:74,6
DA:78,6
DA:87,3
DA:89,3
DA:90,6
DA:91,6
DA:92,2
DA:94,4
DA:101,4
DA:107,3
DA:114,0
DA:130,0
DA:134,0
DA:140,0
DA:142,0
DA:143,0
DA:144,0
DA:146,0
DA:151,0
DA:154,0
DA:155,0
DA:156,0
DA:157,0
DA:158,0
DA:160,0
DA:163,0
DA:167,0
DA:178,0
DA:180,0
DA:182,0
DA:183,0
DA:184,0
DA:188,0
DA:189,0
DA:190,0
DA:191,0
DA:195,0
DA:196,0
DA:201,0
DA:203,0
DA:204,0
DA:205,0
DA:212,0
DA:215,0
DA:228,0
DA:229,0
DA:231,0
DA:243,0
DA:246,0
DA:247,0
DA:264,0
DA:265,0
DA:277,0
DA:283,0
DA:285,0
DA:301,4
LF:61
LH:16
BRDA:74,0,0,3
BRDA:74,0,1,3
BRDA:80,1,0,6
BRDA:80,1,1,0
BRDA:91,2,0,2
BRDA:91,2,1,4
BRDA:144,3,0,0
BRDA:144,3,1,0
BRDA:155,4,0,0
BRDA:155,4,1,0
BRDA:156,5,0,0
BRDA:156,5,1,0
BRDA:189,6,0,0
BRDA:189,6,1,0
BRDA:195,7,0,0
BRDA:195,7,1,0
BRDA:228,8,0,0
BRDA:228,8,1,0
BRDA:232,9,0,0
BRDA:232,9,1,0
BRDA:265,10,0,0
BRDA:265,10,1,0
BRDA:283,11,0,0
BRDA:283,11,1,0
BRF:24
BRH:5
end_of_record
TN:
SF:src/services/data/deviceService.ts
FN:34,(anonymous_0)
FN:43,(anonymous_1)
FN:99,(anonymous_2)
FN:128,(anonymous_3)
FN:175,(anonymous_4)
FN:224,(anonymous_5)
FN:247,(anonymous_6)
FN:267,createDeviceService
FNF:8
FNH:4
FNDA:5,(anonymous_0)
FNDA:0,(anonymous_1)
FNDA:0,(anonymous_2)
FNDA:4,(anonymous_3)
FNDA:0,(anonymous_4)
FNDA:0,(anonymous_5)
FNDA:4,(anonymous_6)
FNDA:5,createDeviceService
DA:22,3
DA:27,3
DA:34,5
DA:47,0
DA:48,0
DA:50,0
DA:52,0
DA:60,0
DA:67,0
DA:70,0
DA:71,0
DA:74,0
DA:76,0
DA:85,0
DA:100,0
DA:101,0
DA:107,0
DA:108,0
DA:111,0
DA:113,0
DA:129,4
DA:130,4
DA:132,4
DA:133,4
DA:147,4
DA:150,0
DA:151,0
DA:152,0
DA:159,0
DA:177,0
DA:178,0
DA:179,0
DA:182,0
DA:184,0
DA:185,0
DA:197,0
DA:200,0
DA:201,0
DA:202,0
DA:209,0
DA:225,0
DA:226,0
DA:231,0
DA:233,0
DA:248,4
DA:270,5
LF:46
LH:10
BRDA:45,0,0,0
BRDA:47,1,0,0
BRDA:47,1,1,0
BRDA:52,2,0,0
BRDA:52,2,1,0
BRDA:71,3,0,0
BRDA:71,3,1,0
BRDA:74,4,0,0
BRDA:74,4,1,0
BRDA:74,5,0,0
BRDA:74,5,1,0
BRDA:107,6,0,0
BRDA:107,6,1,0
BRDA:139,7,0,4
BRDA:139,7,1,2
BRDA:140,8,0,4
BRDA:140,8,1,4
BRDA:141,9,0,4
BRDA:141,9,1,4
BRDA:151,10,0,0
BRDA:151,10,1,0
BRDA:151,11,0,0
BRDA:151,11,1,0
BRDA:178,12,0,0
BRDA:178,12,1,0
BRDA:188,13,0,0
BRDA:188,13,1,0
BRDA:189,14,0,0
BRDA:189,14,1,0
BRDA:190,15,0,0
BRDA:190,15,1,0
BRDA:191,16,0,0
BRDA:191,16,1,0
BRDA:201,17,0,0
BRDA:201,17,1,0
BRDA:201,18,0,0
BRDA:201,18,1,0
BRF:37
BRH:6
end_of_record
TN:
SF:src/services/data/exportService.ts
FN:39,(anonymous_0)
FN:49,(anonymous_1)
FN:95,(anonymous_2)
FN:112,(anonymous_3)
FN:152,(anonymous_4)
FN:172,createExportService
FNF:6
FNH:6
FNDA:5,(anonymous_0)
FNDA:6,(anonymous_1)
FNDA:1,(anonymous_2)
FNDA:2,(anonymous_3)
FNDA:1,(anonymous_4)
FNDA:5,createExportService
DA:39,5
DA:50,6
DA:52,6
DA:58,6
DA:59,2
DA:65,4
DA:68,4
DA:73,4
DA:76,4
DA:78,4
DA:79,3
DA:81,3
DA:83,1
DA:84,2
DA:93,2
DA:95,3
DA:96,3
DA:97,0
DA:98,0
DA:100,3
DA:112,4
DA:113,2
DA:114,2
DA:117,1
DA:118,1
DA:119,1
DA:122,1
DA:125,4
DA:133,2
DA:134,2
DA:136,0
DA:158,1
DA:160,1
DA:161,1
DA:175,5
LF:35
LH:32
BRDA:58,0,0,2
BRDA:58,0,1,4
BRDA:81,1,0,1
BRDA:81,1,1,2
BRDA:95,2,0,1
BRDA:95,2,1,0
BRDA:96,3,0,0
BRDA:96,3,1,3
BRDA:114,4,0,1
BRDA:114,4,1,1
BRDA:117,5,0,0
BRDA:117,5,1,1
BRDA:117,6,0,1
BRDA:117,6,1,0
BRDA:118,7,0,0
BRDA:118,7,1,1
BRDA:118,8,0,1
BRDA:118,8,1,1
BRDA:119,9,0,0
BRDA:119,9,1,1
BRDA:119,10,0,1
BRDA:119,10,1,0
BRDA:133,11,0,2
BRDA:133,11,1,0
BRF:24
BRH:16
end_of_record
TN:
SF:src/services/data/historyService.ts
FN:28,(anonymous_0)
FN:37,(anonymous_1)
FN:74,(anonymous_2)
FN:83,(anonymous_3)
FN:95,(anonymous_4)
FN:115,(anonymous_5)
FN:126,(anonymous_6)
FN:149,(anonymous_7)
FN:235,(anonymous_8)
FN:354,(anonymous_9)
FN:366,(anonymous_10)
FN:368,(anonymous_11)
FN:369,(anonymous_12)
FN:372,(anonymous_13)
FN:373,(anonymous_14)
FN:378,(anonymous_15)
FN:386,(anonymous_16)
FN:407,createHistoryService
FNF:18
FNH:0
FNDA:0,(anonymous_0)
FNDA:0,(anonymous_1)
FNDA:0,(anonymous_2)
FNDA:0,(anonymous_3)
FNDA:0,(anonymous_4)
FNDA:0,(anonymous_5)
FNDA:0,(anonymous_6)
FNDA:0,(anonymous_7)
FNDA:0,(anonymous_8)
FNDA:0,(anonymous_9)
FNDA:0,(anonymous_10)
FNDA:0,(anonymous_11)
FNDA:0,(anonymous_12)
FNDA:0,(anonymous_13)
FNDA:0,(anonymous_14)
FNDA:0,(anonymous_15)
FNDA:0,(anonymous_16)
FNDA:0,createHistoryService
DA:21,2
DA:28,0
DA:38,0
DA:40,0
DA:57,0
DA:74,0
DA:83,0
DA:92,0
DA:95,0
DA:98,0
DA:100,0
DA:116,0
DA:117,0
DA:119,0
DA:120,0
DA:123,0
DA:126,0
DA:127,0
DA:128,0
DA:130,0
DA:134,0
DA:153,0
DA:155,0
DA:157,0
DA:159,0
DA:165,0
DA:167,0
DA:168,0
DA:174,0
DA:175,0
DA:184,0
DA:191,0
DA:193,0
DA:194,0
DA:200,0
DA:201,0
DA:213,0
DA:222,0
DA:239,0
DA:241,0
DA:243,0
DA:245,0
DA:251,0
DA:253,0
DA:254,0
DA:260,0
DA:262,0
DA:264,0
DA:281,0
DA:283,0
DA:288,0
DA:289,0
DA:290,0
DA:303,0
DA:318,0
DA:319,0
DA:320,0
DA:321,0
DA:334,0
DA:343,0
DA:355,0
DA:356,0
DA:358,0
DA:359,0
DA:363,0
DA:366,0
DA:367,0
DA:368,0
DA:369,0
DA:371,0
DA:372,0
DA:373,0
DA:375,0
DA:376,0
DA:378,0
DA:383,0
DA:384,0
DA:386,0
DA:392,0
DA:410,0
LF:80
LH:1
BRDA:119,0,0,0
BRDA:119,0,1,0
BRDA:127,1,0,0
BRDA:127,1,1,0
BRDA:155,2,0,0
BRDA:155,2,1,0
BRDA:165,3,0,0
BRDA:165,3,1,0
BRDA:167,4,0,0
BRDA:167,4,1,0
BRDA:191,5,0,0
BRDA:191,5,1,0
BRDA:193,6,0,0
BRDA:193,6,1,0
BRDA:241,7,0,0
BRDA:241,7,1,0
BRDA:251,8,0,0
BRDA:251,8,1,0
BRDA:251,9,0,0
BRDA:251,9,1,0
BRDA:253,10,0,0
BRDA:253,10,1,0
BRDA:262,11,0,0
BRDA:262,11,1,0
BRDA:270,12,0,0
BRDA:270,12,1,0
BRDA:281,13,0,0
BRDA:281,13,1,0
BRDA:281,14,0,0
BRDA:281,14,1,0
BRDA:318,15,0,0
BRDA:318,15,1,0
BRDA:318,16,0,0
BRDA:318,16,1,0
BRDA:358,17,0,0
BRDA:358,17,1,0
BRDA:375,18,0,0
BRDA:375,18,1,0
BRDA:383,19,0,0
BRDA:383,19,1,0
BRF:40
BRH:0
end_of_record
TN:
SF:src/services/data/index.ts
FNF:0
FNH:0
LF:0
LH:0
BRF:0
BRH:0
end_of_record
TN:
SF:src/services/data/locationService.ts
FN:83,(anonymous_0)
FN:91,(anonymous_1)
FN:122,(anonymous_2)
FN:150,(anonymous_3)
FN:155,(anonymous_4)
FN:205,(anonymous_5)
FN:218,(anonymous_6)
FN:237,(anonymous_7)
FN:282,(anonymous_8)
FN:292,(anonymous_9)
FN:334,(anonymous_10)
FN:384,(anonymous_11)
FN:392,(anonymous_12)
FN:428,(anonymous_13)
FN:452,(anonymous_14)
FN:463,(anonymous_15)
FN:505,createLocationService
FNF:17
FNH:17
FNDA:29,(anonymous_0)
FNDA:2,(anonymous_1)
FNDA:11,(anonymous_2)
FNDA:8,(anonymous_3)
FNDA:8,(anonymous_4)
FNDA:5,(anonymous_5)
FNDA:5,(anonymous_6)
FNDA:16,(anonymous_7)
FNDA:5,(anonymous_8)
FNDA:4,(anonymous_9)
FNDA:4,(anonymous_10)
FNDA:3,(anonymous_11)
FNDA:2,(anonymous_12)
FNDA:19,(anonymous_13)
FNDA:26,(anonymous_14)
FNDA:29,(anonymous_15)
FNDA:29,createLocationService
DA:83,29
DA:92,2
DA:93,2
DA:100,2
DA:101,2
DA:102,2
DA:103,2
DA:106,2
DA:108,0
DA:123,11
DA:124,11
DA:130,11
DA:131,4
DA:134,7
DA:136,0
DA:151,8
DA:152,8
DA:154,8
DA:155,8
DA:156,8
DA:173,8
DA:175,8
DA:178,8
DA:181,8
DA:182,8
DA:186,8
DA:188,8
DA:190,0
DA:191,0
DA:206,5
DA:207,5
DA:210,5
DA:211,0
DA:217,5
DA:218,5
DA:220,5
DA:237,16
DA:245,5
DA:248,5
DA:250,5
DA:253,5
DA:256,5
DA:257,5
DA:262,5
DA:264,5
DA:266,0
DA:267,0
DA:284,5
DA:285,5
DA:286,1
DA:289,4
DA:291,4
DA:292,4
DA:294,4
DA:303,4
DA:308,4
DA:309,3
DA:312,4
DA:313,1
DA:317,4
DA:318,1
DA:319,3
DA:321,1
DA:322,0
DA:329,1
DA:334,4
DA:342,1
DA:346,4
DA:354,4
DA:357,4
DA:358,4
DA:363,4
DA:365,4
DA:367,0
DA:368,0
DA:370,0
DA:386,3
DA:387,3
DA:388,1
DA:391,2
DA:392,2
DA:394,2
DA:403,2
DA:409,2
DA:412,0
DA:435,19
DA:453,26
DA:456,26
DA:457,9
DA:463,29
DA:467,26
DA:468,26
DA:471,26
DA:472,26
DA:473,17
DA:474,0
DA:475,0
DA:477,0
DA:480,17
DA:484,26
DA:508,29
LF:101
LH:86
BRDA:130,0,0,4
BRDA:130,0,1,7
BRDA:164,1,0,8
BRDA:164,1,1,5
BRDA:210,2,0,0
BRDA:210,2,1,5
BRDA:228,3,0,5
BRDA:228,3,1,4
BRDA:285,4,0,1
BRDA:285,4,1,4
BRDA:308,5,0,3
BRDA:308,5,1,1
BRDA:312,6,0,1
BRDA:312,6,1,3
BRDA:317,7,0,1
BRDA:317,7,1,3
BRDA:317,8,0,4
BRDA:317,8,1,3
BRDA:319,9,0,1
BRDA:319,9,1,2
BRDA:319,10,0,3
BRDA:319,10,1,1
BRDA:321,11,0,0
BRDA:321,11,1,1
BRDA:367,12,0,0
BRDA:367,12,1,0
BRDA:387,13,0,1
BRDA:387,13,1,2
BRDA:440,14,0,6
BRDA:440,14,1,13
BRDA:456,15,0,9
BRDA:456,15,1,17
BRDA:467,16,0,26
BRDA:467,16,1,0
BRDA:468,17,0,26
BRDA:468,17,1,0
BRDA:472,18,0,17
BRDA:472,18,1,9
BRDA:473,19,0,0
BRDA:473,19,1,17
BRF:40
BRH:33
end_of_record
TN:
SF:src/services/data/planService.ts
FN:35,(anonymous_0)
FN:43,(anonymous_1)
FN:87,(anonymous_2)
FN:140,(anonymous_3)
FN:169,(anonymous_4)
FN:198,(anonymous_5)
FN:231,(anonymous_6)
FN:279,(anonymous_7)
FN:316,(anonymous_8)
FN:344,(anonymous_9)
FN:367,(anonymous_10)
FN:390,(anonymous_11)
FN:412,createPlanService
FNF:13
FNH:13
FNDA:40,(anonymous_0)
FNDA:6,(anonymous_1)
FNDA:13,(anonymous_2)
FNDA:7,(anonymous_3)
FNDA:2,(anonymous_4)
FNDA:3,(anonymous_5)
FNDA:36,(anonymous_6)
FNDA:4,(anonymous_7)
FNDA:3,(anonymous_8)
FNDA:2,(anonymous_9)
FNDA:46,(anonymous_10)
FNDA:25,(anonymous_11)
FNDA:14,createPlanService
DA:23,4
DA:28,4
DA:35,40
DA:44,6
DA:45,6
DA:47,6
DA:49,6
DA:52,6
DA:54,6
DA:58,6
DA:61,4
DA:62,4
DA:65,6
DA:67,6
DA:76,2
DA:91,13
DA:92,13
DA:94,13
DA:96,13
DA:101,13
DA:108,13
DA:111,13
DA:112,13
DA:115,13
DA:117,13
DA:126,0
DA:141,7
DA:142,7
DA:148,7
DA:149,3
DA:152,4
DA:154,0
DA:170,2
DA:171,2
DA:177,2
DA:178,1
DA:181,1
DA:183,0
DA:199,3
DA:201,3
DA:205,3
DA:211,3
DA:212,1
DA:215,2
DA:217,0
DA:232,36
DA:233,36
DA:235,36
DA:236,36
DA:254,34
DA:257,2
DA:261,2
DA:268,0
DA:281,4
DA:282,4
DA:283,1
DA:286,3
DA:288,3
DA:289,3
DA:299,3
DA:301,0
DA:317,3
DA:318,3
DA:323,3
DA:324,1
DA:327,2
DA:329,0
DA:345,2
DA:346,2
DA:351,2
DA:353,0
DA:368,46
DA:391,25
DA:413,14
LF:74
LH:66
BRDA:43,0,0,6
BRDA:44,1,0,6
BRDA:44,1,1,4
BRDA:49,2,0,1
BRDA:49,2,1,5
BRDA:54,3,0,1
BRDA:54,3,1,5
BRDA:62,4,0,2
BRDA:62,4,1,2
BRDA:65,5,0,2
BRDA:65,5,1,2
BRDA:65,6,0,6
BRDA:65,6,1,2
BRDA:89,7,0,13
BRDA:91,8,0,13
BRDA:91,8,1,7
BRDA:96,9,0,2
BRDA:96,9,1,11
BRDA:112,10,0,4
BRDA:112,10,1,9
BRDA:115,11,0,4
BRDA:115,11,1,9
BRDA:115,12,0,13
BRDA:115,12,1,4
BRDA:148,13,0,3
BRDA:148,13,1,4
BRDA:177,14,0,1
BRDA:177,14,1,1
BRDA:201,15,0,1
BRDA:201,15,1,2
BRDA:211,16,0,1
BRDA:211,16,1,2
BRDA:242,17,0,36
BRDA:242,17,1,14
BRDA:247,18,0,36
BRDA:247,18,1,33
BRDA:248,19,0,36
BRDA:248,19,1,33
BRDA:257,20,0,2
BRDA:257,20,1,0
BRDA:258,21,0,2
BRDA:258,21,1,2
BRDA:282,22,0,1
BRDA:282,22,1,3
BRDA:292,23,0,3
BRDA:292,23,1,2
BRDA:293,24,0,4
BRDA:293,24,1,1
BRDA:323,25,0,1
BRDA:323,25,1,2
BRF:50
BRH:49
end_of_record
TN:
SF:src/services/data/projectService.ts
FN:34,(anonymous_0)
FN:42,(anonymous_1)
FN:89,(anonymous_2)
FN:117,(anonymous_3)
FN:150,(anonymous_4)
FN:187,(anonymous_5)
FN:210,(anonymous_6)
FN:227,createProjectService
FNF:8
FNH:8
FNDA:121,(anonymous_0)
FNDA:18,(anonymous_1)
FNDA:27,(anonymous_2)
FNDA:96,(anonymous_3)
FNDA:10,(anonymous_4)
FNDA:7,(anonymous_5)
FNDA:148,(anonymous_6)
FNDA:76,createProjectService
DA:22,5
DA:27,5
DA:34,121
DA:43,18
DA:44,18
DA:46,18
DA:48,18
DA:51,18
DA:53,18
DA:57,18
DA:60,16
DA:61,16
DA:64,18
DA:66,18
DA:75,2
DA:90,27
DA:91,27
DA:97,27
DA:98,8
DA:101,19
DA:103,0
DA:118,96
DA:119,96
DA:121,96
DA:122,96
DA:133,96
DA:135,0
DA:152,10
DA:153,10
DA:154,2
DA:157,8
DA:159,8
DA:160,8
DA:170,8
DA:172,0
DA:188,7
DA:189,7
DA:194,7
DA:196,0
DA:211,148
DA:230,76
LF:41
LH:37
BRDA:42,0,0,18
BRDA:43,1,0,18
BRDA:43,1,1,8
BRDA:48,2,0,3
BRDA:48,2,1,15
BRDA:53,3,0,3
BRDA:53,3,1,15
BRDA:61,4,0,7
BRDA:61,4,1,9
BRDA:64,5,0,7
BRDA:64,5,1,9
BRDA:64,6,0,18
BRDA:64,6,1,7
BRDA:97,7,0,8
BRDA:97,7,1,19
BRDA:127,8,0,96
BRDA:127,8,1,87
BRDA:153,9,0,2
BRDA:153,9,1,8
BRDA:163,10,0,8
BRDA:163,10,1,4
BRDA:164,11,0,10
BRDA:164,11,1,5
BRF:23
BRH:23
end_of_record
TN:
SF:src/services/data/stampService.ts
FN:38,(anonymous_0)
FN:44,(anonymous_1)
FN:89,(anonymous_2)
FN:145,(anonymous_3)
FN:174,(anonymous_4)
FN:200,(anonymous_5)
FN:229,(anonymous_6)
FN:290,(anonymous_7)
FN:314,(anonymous_8)
FN:365,(anonymous_9)
FN:377,(anonymous_10)
FN:410,(anonymous_11)
FN:435,(anonymous_12)
FN:470,(anonymous_13)
FN:489,(anonymous_14)
FN:489,(anonymous_15)
FN:498,(anonymous_16)
FN:506,(anonymous_17)
FN:506,(anonymous_18)
FN:525,(anonymous_19)
FN:543,(anonymous_20)
FN:560,createStampService
FNF:22
FNH:7
FNDA:22,(anonymous_0)
FNDA:7,(anonymous_1)
FNDA:0,(anonymous_2)
FNDA:0,(anonymous_3)
FNDA:7,(anonymous_4)
FNDA:0,(anonymous_5)
FNDA:7,(anonymous_6)
FNDA:0,(anonymous_7)
FNDA:0,(anonymous_8)
FNDA:0,(anonymous_9)
FNDA:0,(anonymous_10)
FNDA:0,(anonymous_11)
FNDA:17,(anonymous_12)
FNDA:0,(anonymous_13)
FNDA:0,(anonymous_14)
FNDA:0,(anonymous_15)
FNDA:0,(anonymous_16)
FNDA:0,(anonymous_17)
FNDA:0,(anonymous_18)
FNDA:7,(anonymous_19)
FNDA:0,(anonymous_20)
FNDA:22,createStampService
DA:26,3
DA:31,3
DA:38,22
DA:45,7
DA:47,7
DA:59,7
DA:65,7
DA:68,7
DA:69,7
DA:78,0
DA:93,0
DA:94,0
DA:96,0
DA:98,0
DA:106,0
DA:113,0
DA:116,0
DA:117,0
DA:120,0
DA:122,0
DA:131,0
DA:146,0
DA:147,0
DA:153,0
DA:154,0
DA:157,0
DA:159,0
DA:175,7
DA:176,7
DA:177,7
DA:179,7
DA:181,7
DA:185,7
DA:186,4
DA:191,4
DA:193,0
DA:194,0
DA:195,0
DA:200,0
DA:204,0
DA:205,0
DA:206,0
DA:207,0
DA:209,0
DA:211,0
DA:212,0
DA:215,0
DA:221,0
DA:222,0
DA:223,0
DA:229,7
DA:231,7
DA:246,7
DA:254,7
DA:257,7
DA:260,7
DA:262,7
DA:265,0
DA:266,0
DA:267,0
DA:274,0
DA:292,0
DA:293,0
DA:294,0
DA:298,0
DA:299,0
DA:300,0
DA:302,0
DA:303,0
DA:309,0
DA:310,0
DA:312,0
DA:314,0
DA:316,0
DA:328,0
DA:336,0
DA:339,0
DA:342,0
DA:344,0
DA:346,0
DA:349,0
DA:351,0
DA:367,0
DA:368,0
DA:369,0
DA:372,0
DA:373,0
DA:375,0
DA:377,0
DA:379,0
DA:388,0
DA:392,0
DA:394,0
DA:396,0
DA:411,0
DA:412,0
DA:418,0
DA:420,0
DA:436,17
DA:441,17
DA:446,17
DA:447,17
DA:449,17
DA:450,0
DA:451,0
DA:453,0
DA:455,0
DA:456,0
DA:464,0
DA:468,17
DA:469,0
DA:470,0
DA:472,0
DA:488,0
DA:489,0
DA:490,0
DA:491,0
DA:492,0
DA:496,17
DA:497,0
DA:498,0
DA:499,0
DA:505,0
DA:506,0
DA:507,0
DA:508,0
DA:509,0
DA:514,0
DA:526,7
DA:544,0
DA:563,22
LF:131
LH:33
BRDA:47,0,0,3
BRDA:47,0,1,4
BRDA:65,1,0,7
BRDA:65,1,1,0
BRDA:91,2,0,0
BRDA:93,3,0,0
BRDA:93,3,1,0
BRDA:98,4,0,0
BRDA:98,4,1,0
BRDA:117,5,0,0
BRDA:117,5,1,0
BRDA:120,6,0,0
BRDA:120,6,1,0
BRDA:120,7,0,0
BRDA:120,7,1,0
BRDA:153,8,0,0
BRDA:153,8,1,0
BRDA:185,9,0,4
BRDA:185,9,1,3
BRDA:194,10,0,0
BRDA:194,10,1,0
BRDA:205,11,0,0
BRDA:205,11,1,0
BRDA:205,12,0,0
BRDA:205,12,1,0
BRDA:211,13,0,0
BRDA:211,13,1,0
BRDA:221,14,0,0
BRDA:221,14,1,0
BRDA:237,15,0,7
BRDA:237,15,1,4
BRDA:266,16,0,0
BRDA:266,16,1,0
BRDA:266,17,0,0
BRDA:266,17,1,0
BRDA:293,18,0,0
BRDA:293,18,1,0
BRDA:298,19,0,0
BRDA:298,19,1,0
BRDA:302,20,0,0
BRDA:302,20,1,0
BRDA:319,21,0,0
BRDA:319,21,1,0
BRDA:320,22,0,0
BRDA:320,22,1,0
BRDA:342,23,0,0
BRDA:342,23,1,0
BRDA:342,24,0,0
BRDA:342,24,1,0
BRDA:368,25,0,0
BRDA:368,25,1,0
BRDA:453,26,0,0
BRDA:453,26,1,0
BRDA:453,27,0,0
BRDA:453,27,1,0
BRDA:456,28,0,0
BRDA:456,28,1,0
BRDA:456,29,0,0
BRDA:456,29,1,0
BRDA:468,30,0,0
BRDA:468,30,1,17
BRDA:496,31,0,0
BRDA:496,31,1,17
BRDA:548,32,0,0
BRDA:548,32,1,0
BRF:65
BRH:9
end_of_record
TN:
SF:src/services/data/types.ts
FN:146,(anonymous_0)
FN:254,(anonymous_1)
FN:268,(anonymous_2)
FNF:3
FNH:2
FNDA:5,(anonymous_0)
FNDA:8,(anonymous_1)
FNDA:0,(anonymous_2)
DA:146,5
DA:147,5
DA:148,5
DA:149,5
DA:150,5
DA:151,5
DA:255,8
DA:257,8
DA:259,8
DA:260,8
DA:269,0
DA:270,0
LF:12
LH:10
BRDA:146,0,0,5
BRDA:146,0,1,5
BRDA:268,1,0,0
BRF:3
BRH:2
end_of_record
TN:
SF:src/services/events/countEventService.ts
FN:22,(anonymous_0)
FN:33,(anonymous_1)
FN:42,(anonymous_2)
FN:52,(anonymous_3)
FN:66,(anonymous_4)
FN:71,(anonymous_5)
FN:82,(anonymous_6)
FN:86,(anonymous_7)
FN:95,getCountEventService
FNF:9
FNH:5
FNDA:3,(anonymous_0)
FNDA:1,(anonymous_1)
FNDA:3,(anonymous_2)
FNDA:7,(anonymous_3)
FNDA:0,(anonymous_4)
FNDA:0,(anonymous_5)
FNDA:0,(anonymous_6)
FNDA:0,(anonymous_7)
FNDA:7,getCountEventService
DA:22,3
DA:23,3
DA:31,3
DA:34,1
DA:36,1
DA:43,7
DA:44,7
DA:53,7
DA:56,7
DA:67,0
DA:68,0
DA:71,0
DA:72,0
DA:83,0
DA:86,0
DA:87,0
DA:96,7
LF:17
LH:10
BRDA:22,0,0,3
BRDA:22,0,1,3
BRF:2
BRH:2
end_of_record
TN:
SF:src/services/export/formatters.ts
FN:17,formatAsCSV
FN:55,formatAsJSON
FN:72,(anonymous_2)
FN:75,(anonymous_3)
FN:101,getMimeType
FN:119,formatAsPDF
FN:186,(anonymous_6)
FN:226,getFileExtension
FN:237,getContentDisposition
FNF:9
FNH:9
FNDA:4,formatAsCSV
FNDA:4,formatAsJSON
FNDA:9,(anonymous_2)
FNDA:54,(anonymous_3)
FNDA:3,getMimeType
FNDA:3,formatAsPDF
FNDA:3,(anonymous_6)
FNDA:7,getFileExtension
FNDA:4,getContentDisposition
DA:18,4
DA:27,4
DA:30,4
DA:33,4
DA:34,9
DA:43,4
DA:45,4
DA:56,4
DA:59,4
DA:67,4
DA:68,4
DA:69,4
DA:72,4
DA:73,9
DA:75,54
DA:78,9
DA:80,9
DA:81,5
DA:83,4
DA:87,4
DA:88,4
DA:90,4
DA:92,4
DA:102,3
DA:104,1
DA:106,1
DA:108,1
DA:122,3
DA:125,3
DA:134,3
DA:137,3
DA:148,3
DA:149,7
DA:158,3
DA:187,40
DA:214,3
DA:215,3
DA:217,3
DA:227,7
DA:239,4
DA:244,4
DA:245,4
DA:247,4
LF:43
LH:43
BRDA:37,0,0,9
BRDA:37,0,1,6
BRDA:80,1,0,5
BRDA:80,1,1,4
BRDA:102,2,0,1
BRDA:102,2,1,1
BRDA:102,2,2,1
BRDA:152,3,0,7
BRDA:152,3,1,4
BRDA:187,4,0,12
BRDA:187,4,1,28
BRDA:187,5,0,12
BRDA:187,5,1,16
BRF:13
BRH:13
end_of_record
TN:
SF:src/services/storage/pdfStorage.ts
FN:27,sanitizeId
FN:42,getPdfPath
FN:56,getProjectDir
FN:68,ensureProjectDir
FN:81,ensureFileDir
FN:94,computeFileHash
FN:110,computeStreamHash
FNF:7
FNH:7
FNDA:21,sanitizeId
FNDA:4,getPdfPath
FNDA:5,getProjectDir
FNDA:3,ensureProjectDir
FNDA:1,ensureFileDir
FNDA:5,computeFileHash
FNDA:2,computeStreamHash
DA:17,1
DA:28,21
DA:29,8
DA:31,13
DA:43,4
DA:44,4
DA:46,4
DA:57,5
DA:58,5
DA:69,3
DA:70,3
DA:71,3
DA:82,1
DA:83,1
DA:84,1
DA:95,5
DA:96,5
DA:98,5
DA:100,5
DA:111,2
DA:113,2
DA:115,2
LF:22
LH:22
BRDA:28,0,0,8
BRDA:28,0,1,13
BRF:2
BRH:2
end_of_record
TN:
SF:src/utils/exportStorage.ts
FN:27,ensureExportDirectory
FN:43,getExportPath
FN:58,calculateExpirationDate
FN:69,deleteExportFile
FN:88,getFileSize
FN:98,ensureParentDirectory
FNF:6
FNH:5
FNDA:4,ensureExportDirectory
FNDA:3,getExportPath
FNDA:1,calculateExpirationDate
FNDA:2,deleteExportFile
FNDA:1,getFileSize
FNDA:0,ensureParentDirectory
DA:13,1
DA:28,4
DA:29,4
DA:31,3
DA:48,3
DA:49,3
DA:50,3
DA:59,1
DA:60,1
DA:70,2
DA:71,2
DA:72,1
DA:75,1
DA:76,1
DA:78,0
DA:89,1
DA:90,1
DA:99,0
DA:100,0
LF:19
LH:16
BRDA:75,0,0,1
BRDA:75,0,1,0
BRF:2
BRH:1
end_of_record
TN:
SF:src/utils/geometry.ts
FN:46,pointInRectangle
FN:61,calculateBoundingBox
FN:88,pointInBoundingBox
FN:100,pointInPolygonCheck
FN:112,(anonymous_4)
FN:126,classifyPoint
FN:151,validatePolygonVertices
FN:195,calculatePolygonArea
FN:217,autoClosePolygon
FN:240,validateRectangleBounds
FNF:10
FNH:10
FNDA:5,pointInRectangle
FNDA:11,calculateBoundingBox
FNDA:12,pointInBoundingBox
FNDA:10,pointInPolygonCheck
FNDA:35,(anonymous_4)
FNDA:4,classifyPoint
FNDA:11,validatePolygonVertices
FNDA:11,calculatePolygonArea
FNDA:10,autoClosePolygon
FNDA:12,validateRectangleBounds
DA:47,5
DA:62,11
DA:63,1
DA:66,10
DA:67,10
DA:68,10
DA:69,10
DA:71,10
DA:72,46
DA:73,46
DA:74,46
DA:75,46
DA:78,10
DA:89,12
DA:101,10
DA:102,1
DA:106,9
DA:107,9
DA:108,2
DA:112,35
DA:115,7
DA:127,4
DA:128,2
DA:129,1
DA:131,1
DA:134,2
DA:135,2
DA:136,1
DA:138,1
DA:141,0
DA:156,11
DA:157,11
DA:158,34
DA:159,34
DA:162,11
DA:163,3
DA:169,8
DA:170,0
DA:177,8
DA:178,8
DA:180,1
DA:186,7
DA:196,11
DA:197,1
DA:200,10
DA:201,10
DA:202,34
DA:203,34
DA:204,34
DA:207,10
DA:218,10
DA:219,1
DA:222,9
DA:223,9
DA:226,9
DA:227,9
DA:228,3
DA:231,6
DA:244,12
DA:245,2
DA:251,10
DA:252,2
DA:258,8
LF:63
LH:61
BRDA:48,0,0,5
BRDA:48,0,1,5
BRDA:48,0,2,4
BRDA:48,0,3,4
BRDA:62,1,0,1
BRDA:62,1,1,10
BRDA:89,2,0,12
BRDA:89,2,1,12
BRDA:89,2,2,10
BRDA:89,2,3,10
BRDA:101,3,0,1
BRDA:101,3,1,9
BRDA:107,4,0,2
BRDA:107,4,1,7
BRDA:127,5,0,2
BRDA:127,5,1,2
BRDA:128,6,0,1
BRDA:128,6,1,1
BRDA:134,7,0,2
BRDA:134,7,1,0
BRDA:135,8,0,1
BRDA:135,8,1,1
BRDA:135,9,0,2
BRDA:135,9,1,2
BRDA:162,10,0,3
BRDA:162,10,1,8
BRDA:169,11,0,0
BRDA:169,11,1,8
BRDA:178,12,0,1
BRDA:178,12,1,7
BRDA:196,13,0,1
BRDA:196,13,1,10
BRDA:218,14,0,1
BRDA:218,14,1,9
BRDA:227,15,0,3
BRDA:227,15,1,6
BRDA:227,16,0,9
BRDA:227,16,1,5
BRDA:244,17,0,2
BRDA:244,17,1,10
BRDA:244,18,0,12
BRDA:244,18,1,11
BRDA:251,19,0,2
BRDA:251,19,1,8
BRF:44
BRH:42
end_of_record
TN:
SF:src/utils/pagination.ts
FN:18,buildLinkHeader
FN:52,extractQueryParams
FNF:2
FNH:2
FNDA:17,buildLinkHeader
FNDA:17,extractQueryParams
DA:23,17
DA:24,10
DA:28,7
DA:31,7
DA:32,9
DA:33,7
DA:38,7
DA:40,7
DA:41,7
DA:43,17
DA:55,17
DA:57,17
DA:58,11
DA:59,11
DA:60,11
DA:65,17
LF:16
LH:16
BRDA:23,0,0,10
BRDA:23,0,1,7
BRDA:32,1,0,7
BRDA:32,1,1,2
BRDA:32,2,0,9
BRDA:32,2,1,7
BRDA:41,3,0,7
BRDA:41,3,1,0
BRDA:58,4,0,11
BRDA:58,4,1,0
BRDA:58,5,0,11
BRDA:58,5,1,11
BRDA:59,6,0,11
BRDA:59,6,1,0
BRDA:59,7,0,11
BRDA:59,7,1,9
BRF:16
BRH:13
end_of_record
